{"D:\\アプリ\\youtube要約\\youtube-hello-extension\\src\\domain\\ai.js": {"path":"D:\\アプリ\\youtube要約\\youtube-hello-extension\\src\\domain\\ai.js","statementMap":{"0":{"start":{"line":6,"column":0},"end":{"line":453,"column":5}},"1":{"start":{"line":9,"column":12},"end":{"line":9,"column":28}},"2":{"start":{"line":13,"column":4},"end":{"line":13,"column":68}},"3":{"start":{"line":13,"column":58},"end":{"line":13,"column":68}},"4":{"start":{"line":14,"column":4},"end":{"line":25,"column":18}},"5":{"start":{"line":15,"column":17},"end":{"line":15,"column":40}},"6":{"start":{"line":16,"column":6},"end":{"line":23,"column":7}},"7":{"start":{"line":17,"column":17},"end":{"line":17,"column":28}},"8":{"start":{"line":18,"column":23},"end":{"line":18,"column":44}},"9":{"start":{"line":19,"column":18},"end":{"line":19,"column":43}},"10":{"start":{"line":20,"column":18},"end":{"line":20,"column":31}},"11":{"start":{"line":21,"column":17},"end":{"line":21,"column":101}},"12":{"start":{"line":22,"column":8},"end":{"line":22,"column":25}},"13":{"start":{"line":24,"column":6},"end":{"line":24,"column":18}},"14":{"start":{"line":30,"column":4},"end":{"line":30,"column":20}},"15":{"start":{"line":30,"column":13},"end":{"line":30,"column":20}},"16":{"start":{"line":31,"column":21},"end":{"line":31,"column":85}},"17":{"start":{"line":32,"column":25},"end":{"line":32,"column":27}},"18":{"start":{"line":33,"column":4},"end":{"line":38,"column":5}},"19":{"start":{"line":34,"column":17},"end":{"line":34,"column":39}},"20":{"start":{"line":35,"column":6},"end":{"line":37,"column":7}},"21":{"start":{"line":36,"column":8},"end":{"line":36,"column":34}},"22":{"start":{"line":39,"column":4},"end":{"line":69,"column":5}},"23":{"start":{"line":39,"column":17},"end":{"line":39,"column":18}},"24":{"start":{"line":40,"column":21},"end":{"line":40,"column":38}},"25":{"start":{"line":41,"column":19},"end":{"line":41,"column":38}},"26":{"start":{"line":42,"column":6},"end":{"line":42,"column":28}},"27":{"start":{"line":42,"column":19},"end":{"line":42,"column":28}},"28":{"start":{"line":43,"column":17},"end":{"line":43,"column":37}},"29":{"start":{"line":44,"column":18},"end":{"line":44,"column":49}},"30":{"start":{"line":45,"column":21},"end":{"line":45,"column":54}},"31":{"start":{"line":46,"column":6},"end":{"line":67,"column":7}},"32":{"start":{"line":46,"column":19},"end":{"line":46,"column":20}},"33":{"start":{"line":47,"column":19},"end":{"line":47,"column":27}},"34":{"start":{"line":48,"column":22},"end":{"line":48,"column":55}},"35":{"start":{"line":49,"column":8},"end":{"line":66,"column":9}},"36":{"start":{"line":50,"column":24},"end":{"line":50,"column":80}},"37":{"start":{"line":51,"column":23},"end":{"line":51,"column":50}},"38":{"start":{"line":52,"column":10},"end":{"line":52,"column":49}},"39":{"start":{"line":53,"column":10},"end":{"line":53,"column":52}},"40":{"start":{"line":54,"column":10},"end":{"line":54,"column":28}},"41":{"start":{"line":55,"column":10},"end":{"line":55,"column":42}},"42":{"start":{"line":56,"column":10},"end":{"line":62,"column":23}},"43":{"start":{"line":57,"column":12},"end":{"line":61,"column":14}},"44":{"start":{"line":58,"column":14},"end":{"line":58,"column":33}},"45":{"start":{"line":59,"column":22},"end":{"line":59,"column":53}},"46":{"start":{"line":60,"column":14},"end":{"line":60,"column":41}},"47":{"start":{"line":60,"column":21},"end":{"line":60,"column":41}},"48":{"start":{"line":63,"column":10},"end":{"line":63,"column":39}},"49":{"start":{"line":64,"column":15},"end":{"line":66,"column":9}},"50":{"start":{"line":65,"column":10},"end":{"line":65,"column":62}},"51":{"start":{"line":68,"column":6},"end":{"line":68,"column":46}},"52":{"start":{"line":74,"column":21},"end":{"line":74,"column":51}},"53":{"start":{"line":75,"column":4},"end":{"line":78,"column":5}},"54":{"start":{"line":76,"column":21},"end":{"line":76,"column":54}},"55":{"start":{"line":77,"column":6},"end":{"line":77,"column":49}},"56":{"start":{"line":77,"column":35},"end":{"line":77,"column":49}},"57":{"start":{"line":79,"column":23},"end":{"line":79,"column":45}},"58":{"start":{"line":80,"column":4},"end":{"line":82,"column":5}},"59":{"start":{"line":80,"column":17},"end":{"line":80,"column":18}},"60":{"start":{"line":81,"column":6},"end":{"line":81,"column":53}},"61":{"start":{"line":81,"column":32},"end":{"line":81,"column":53}},"62":{"start":{"line":83,"column":4},"end":{"line":83,"column":16}},"63":{"start":{"line":88,"column":4},"end":{"line":91,"column":5}},"64":{"start":{"line":89,"column":6},"end":{"line":89,"column":32}},"65":{"start":{"line":90,"column":6},"end":{"line":90,"column":31}},"66":{"start":{"line":96,"column":4},"end":{"line":96,"column":24}},"67":{"start":{"line":101,"column":4},"end":{"line":101,"column":25}},"68":{"start":{"line":102,"column":4},"end":{"line":102,"column":26}},"69":{"start":{"line":103,"column":4},"end":{"line":103,"column":24}},"70":{"start":{"line":104,"column":4},"end":{"line":104,"column":37}},"71":{"start":{"line":105,"column":4},"end":{"line":105,"column":48}},"72":{"start":{"line":106,"column":4},"end":{"line":110,"column":6}},"73":{"start":{"line":112,"column":4},"end":{"line":121,"column":5}},"74":{"start":{"line":113,"column":6},"end":{"line":113,"column":26}},"75":{"start":{"line":114,"column":6},"end":{"line":114,"column":38}},"76":{"start":{"line":115,"column":6},"end":{"line":115,"column":98}},"77":{"start":{"line":116,"column":6},"end":{"line":116,"column":26}},"78":{"start":{"line":117,"column":6},"end":{"line":117,"column":28}},"79":{"start":{"line":118,"column":6},"end":{"line":118,"column":30}},"80":{"start":{"line":119,"column":6},"end":{"line":119,"column":28}},"81":{"start":{"line":120,"column":6},"end":{"line":120,"column":29}},"82":{"start":{"line":122,"column":4},"end":{"line":124,"column":5}},"83":{"start":{"line":123,"column":6},"end":{"line":123,"column":27}},"84":{"start":{"line":125,"column":4},"end":{"line":125,"column":29}},"85":{"start":{"line":127,"column":4},"end":{"line":127,"column":43}},"86":{"start":{"line":128,"column":4},"end":{"line":139,"column":5}},"87":{"start":{"line":129,"column":22},"end":{"line":129,"column":135}},"88":{"start":{"line":130,"column":6},"end":{"line":136,"column":7}},"89":{"start":{"line":131,"column":8},"end":{"line":135,"column":11}},"90":{"start":{"line":138,"column":6},"end":{"line":138,"column":61}},"91":{"start":{"line":144,"column":4},"end":{"line":148,"column":7}},"92":{"start":{"line":145,"column":6},"end":{"line":147,"column":17}},"93":{"start":{"line":146,"column":8},"end":{"line":146,"column":59}},"94":{"start":{"line":153,"column":21},"end":{"line":153,"column":42}},"95":{"start":{"line":154,"column":4},"end":{"line":159,"column":5}},"96":{"start":{"line":155,"column":6},"end":{"line":158,"column":9}},"97":{"start":{"line":160,"column":4},"end":{"line":160,"column":22}},"98":{"start":{"line":165,"column":4},"end":{"line":169,"column":5}},"99":{"start":{"line":166,"column":6},"end":{"line":166,"column":82}},"100":{"start":{"line":168,"column":6},"end":{"line":168,"column":51}},"101":{"start":{"line":174,"column":4},"end":{"line":174,"column":25}},"102":{"start":{"line":174,"column":15},"end":{"line":174,"column":25}},"103":{"start":{"line":175,"column":16},"end":{"line":175,"column":18}},"104":{"start":{"line":176,"column":4},"end":{"line":176,"column":26}},"105":{"start":{"line":177,"column":4},"end":{"line":177,"column":47}},"106":{"start":{"line":178,"column":4},"end":{"line":178,"column":54}},"107":{"start":{"line":178,"column":20},"end":{"line":178,"column":54}},"108":{"start":{"line":179,"column":4},"end":{"line":179,"column":57}},"109":{"start":{"line":179,"column":21},"end":{"line":179,"column":57}},"110":{"start":{"line":180,"column":4},"end":{"line":183,"column":5}},"111":{"start":{"line":181,"column":17},"end":{"line":181,"column":125}},"112":{"start":{"line":182,"column":6},"end":{"line":182,"column":32}},"113":{"start":{"line":184,"column":4},"end":{"line":184,"column":87}},"114":{"start":{"line":184,"column":24},"end":{"line":184,"column":87}},"115":{"start":{"line":185,"column":4},"end":{"line":190,"column":5}},"116":{"start":{"line":186,"column":21},"end":{"line":186,"column":53}},"117":{"start":{"line":187,"column":16},"end":{"line":187,"column":41}},"118":{"start":{"line":188,"column":16},"end":{"line":188,"column":29}},"119":{"start":{"line":189,"column":6},"end":{"line":189,"column":68}},"120":{"start":{"line":191,"column":4},"end":{"line":191,"column":58}},"121":{"start":{"line":191,"column":23},"end":{"line":191,"column":58}},"122":{"start":{"line":192,"column":4},"end":{"line":192,"column":49}},"123":{"start":{"line":193,"column":4},"end":{"line":193,"column":28}},"124":{"start":{"line":198,"column":17},"end":{"line":198,"column":45}},"125":{"start":{"line":199,"column":4},"end":{"line":201,"column":5}},"126":{"start":{"line":200,"column":6},"end":{"line":200,"column":43}},"127":{"start":{"line":202,"column":4},"end":{"line":202,"column":47}},"128":{"start":{"line":202,"column":35},"end":{"line":202,"column":47}},"129":{"start":{"line":204,"column":17},"end":{"line":204,"column":45}},"130":{"start":{"line":205,"column":4},"end":{"line":205,"column":49}},"131":{"start":{"line":205,"column":17},"end":{"line":205,"column":49}},"132":{"start":{"line":206,"column":4},"end":{"line":206,"column":46}},"133":{"start":{"line":211,"column":22},"end":{"line":211,"column":24}},"134":{"start":{"line":212,"column":4},"end":{"line":224,"column":7}},"135":{"start":{"line":215,"column":10},"end":{"line":215,"column":30}},"136":{"start":{"line":216,"column":10},"end":{"line":216,"column":69}},"137":{"start":{"line":216,"column":29},"end":{"line":216,"column":69}},"138":{"start":{"line":219,"column":10},"end":{"line":219,"column":48}},"139":{"start":{"line":225,"column":4},"end":{"line":225,"column":23}},"140":{"start":{"line":230,"column":4},"end":{"line":248,"column":5}},"141":{"start":{"line":230,"column":23},"end":{"line":230,"column":24}},"142":{"start":{"line":231,"column":6},"end":{"line":247,"column":7}},"143":{"start":{"line":232,"column":8},"end":{"line":232,"column":77}},"144":{"start":{"line":233,"column":18},"end":{"line":233,"column":75}},"145":{"start":{"line":234,"column":8},"end":{"line":234,"column":35}},"146":{"start":{"line":235,"column":8},"end":{"line":235,"column":44}},"147":{"start":{"line":237,"column":8},"end":{"line":237,"column":74}},"148":{"start":{"line":237,"column":66},"end":{"line":237,"column":74}},"149":{"start":{"line":238,"column":8},"end":{"line":246,"column":9}},"150":{"start":{"line":239,"column":10},"end":{"line":239,"column":115}},"151":{"start":{"line":240,"column":10},"end":{"line":240,"column":63}},"152":{"start":{"line":241,"column":10},"end":{"line":241,"column":65}},"153":{"start":{"line":241,"column":42},"end":{"line":241,"column":61}},"154":{"start":{"line":243,"column":10},"end":{"line":243,"column":83}},"155":{"start":{"line":244,"column":10},"end":{"line":244,"column":63}},"156":{"start":{"line":245,"column":10},"end":{"line":245,"column":50}},"157":{"start":{"line":249,"column":4},"end":{"line":249,"column":44}},"158":{"start":{"line":254,"column":20},"end":{"line":254,"column":55}},"159":{"start":{"line":255,"column":23},"end":{"line":255,"column":24}},"160":{"start":{"line":256,"column":28},"end":{"line":256,"column":29}},"161":{"start":{"line":257,"column":24},"end":{"line":257,"column":25}},"162":{"start":{"line":262,"column":6},"end":{"line":273,"column":7}},"163":{"start":{"line":263,"column":29},"end":{"line":263,"column":110}},"164":{"start":{"line":264,"column":30},"end":{"line":267,"column":9}},"165":{"start":{"line":268,"column":24},"end":{"line":268,"column":112}},"166":{"start":{"line":269,"column":8},"end":{"line":272,"column":9}},"167":{"start":{"line":270,"column":10},"end":{"line":270,"column":40}},"168":{"start":{"line":271,"column":10},"end":{"line":271,"column":25}},"169":{"start":{"line":276,"column":18},"end":{"line":276,"column":19}},"170":{"start":{"line":277,"column":20},"end":{"line":277,"column":22}},"171":{"start":{"line":278,"column":23},"end":{"line":278,"column":63}},"172":{"start":{"line":279,"column":4},"end":{"line":281,"column":5}},"173":{"start":{"line":279,"column":17},"end":{"line":279,"column":18}},"174":{"start":{"line":280,"column":6},"end":{"line":280,"column":29}},"175":{"start":{"line":282,"column":4},"end":{"line":282,"column":70}},"176":{"start":{"line":284,"column":4},"end":{"line":286,"column":5}},"177":{"start":{"line":285,"column":6},"end":{"line":285,"column":57}},"178":{"start":{"line":289,"column":27},"end":{"line":289,"column":77}},"179":{"start":{"line":289,"column":56},"end":{"line":289,"column":74}},"180":{"start":{"line":290,"column":4},"end":{"line":293,"column":5}},"181":{"start":{"line":291,"column":6},"end":{"line":291,"column":39}},"182":{"start":{"line":292,"column":6},"end":{"line":292,"column":18}},"183":{"start":{"line":295,"column":30},"end":{"line":297,"column":19}},"184":{"start":{"line":296,"column":6},"end":{"line":296,"column":52}},"185":{"start":{"line":299,"column":4},"end":{"line":299,"column":85}},"186":{"start":{"line":302,"column":25},"end":{"line":302,"column":132}},"187":{"start":{"line":303,"column":29},"end":{"line":303,"column":115}},"188":{"start":{"line":304,"column":26},"end":{"line":307,"column":5}},"189":{"start":{"line":309,"column":22},"end":{"line":309,"column":24}},"190":{"start":{"line":310,"column":4},"end":{"line":322,"column":7}},"191":{"start":{"line":313,"column":10},"end":{"line":313,"column":30}},"192":{"start":{"line":314,"column":10},"end":{"line":314,"column":69}},"193":{"start":{"line":314,"column":29},"end":{"line":314,"column":69}},"194":{"start":{"line":317,"column":10},"end":{"line":317,"column":48}},"195":{"start":{"line":323,"column":4},"end":{"line":323,"column":23}},"196":{"start":{"line":329,"column":16},"end":{"line":329,"column":28}},"197":{"start":{"line":330,"column":4},"end":{"line":330,"column":27}},"198":{"start":{"line":330,"column":14},"end":{"line":330,"column":27}},"199":{"start":{"line":332,"column":4},"end":{"line":332,"column":39}},"200":{"start":{"line":332,"column":18},"end":{"line":332,"column":39}},"201":{"start":{"line":334,"column":4},"end":{"line":334,"column":21}},"202":{"start":{"line":335,"column":4},"end":{"line":335,"column":31}},"203":{"start":{"line":336,"column":4},"end":{"line":336,"column":24}},"204":{"start":{"line":337,"column":26},"end":{"line":337,"column":58}},"205":{"start":{"line":340,"column":4},"end":{"line":425,"column":5}},"206":{"start":{"line":342,"column":29},"end":{"line":342,"column":51}},"207":{"start":{"line":345,"column":25},"end":{"line":345,"column":73}},"208":{"start":{"line":346,"column":6},"end":{"line":350,"column":7}},"209":{"start":{"line":347,"column":8},"end":{"line":347,"column":36}},"210":{"start":{"line":348,"column":8},"end":{"line":348,"column":28}},"211":{"start":{"line":349,"column":8},"end":{"line":349,"column":21}},"212":{"start":{"line":353,"column":6},"end":{"line":353,"column":44}},"213":{"start":{"line":356,"column":6},"end":{"line":356,"column":40}},"214":{"start":{"line":359,"column":23},"end":{"line":359,"column":55}},"215":{"start":{"line":360,"column":6},"end":{"line":364,"column":7}},"216":{"start":{"line":361,"column":8},"end":{"line":361,"column":53}},"217":{"start":{"line":362,"column":8},"end":{"line":362,"column":28}},"218":{"start":{"line":363,"column":8},"end":{"line":363,"column":21}},"219":{"start":{"line":365,"column":33},"end":{"line":365,"column":41}},"220":{"start":{"line":368,"column":30},"end":{"line":368,"column":83}},"221":{"start":{"line":369,"column":30},"end":{"line":369,"column":62}},"222":{"start":{"line":371,"column":24},"end":{"line":371,"column":26}},"223":{"start":{"line":372,"column":24},"end":{"line":372,"column":26}},"224":{"start":{"line":374,"column":6},"end":{"line":374,"column":48}},"225":{"start":{"line":375,"column":21},"end":{"line":375,"column":45}},"226":{"start":{"line":378,"column":26},"end":{"line":378,"column":55}},"227":{"start":{"line":380,"column":6},"end":{"line":396,"column":7}},"228":{"start":{"line":382,"column":8},"end":{"line":382,"column":87}},"229":{"start":{"line":383,"column":25},"end":{"line":386,"column":9}},"230":{"start":{"line":387,"column":8},"end":{"line":387,"column":105}},"231":{"start":{"line":390,"column":8},"end":{"line":390,"column":42}},"232":{"start":{"line":391,"column":23},"end":{"line":391,"column":73}},"233":{"start":{"line":392,"column":8},"end":{"line":392,"column":87}},"234":{"start":{"line":393,"column":8},"end":{"line":393,"column":108}},"235":{"start":{"line":394,"column":8},"end":{"line":394,"column":28}},"236":{"start":{"line":395,"column":8},"end":{"line":395,"column":47}},"237":{"start":{"line":395,"column":34},"end":{"line":395,"column":47}},"238":{"start":{"line":399,"column":6},"end":{"line":399,"column":86}},"239":{"start":{"line":400,"column":6},"end":{"line":400,"column":18}},"240":{"start":{"line":403,"column":6},"end":{"line":406,"column":7}},"241":{"start":{"line":404,"column":8},"end":{"line":404,"column":28}},"242":{"start":{"line":405,"column":8},"end":{"line":405,"column":21}},"243":{"start":{"line":407,"column":6},"end":{"line":410,"column":7}},"244":{"start":{"line":408,"column":8},"end":{"line":408,"column":28}},"245":{"start":{"line":409,"column":8},"end":{"line":409,"column":21}},"246":{"start":{"line":411,"column":6},"end":{"line":416,"column":7}},"247":{"start":{"line":412,"column":8},"end":{"line":412,"column":35}},"248":{"start":{"line":413,"column":8},"end":{"line":413,"column":39}},"249":{"start":{"line":414,"column":8},"end":{"line":414,"column":28}},"250":{"start":{"line":415,"column":8},"end":{"line":415,"column":21}},"251":{"start":{"line":417,"column":6},"end":{"line":420,"column":7}},"252":{"start":{"line":418,"column":8},"end":{"line":418,"column":28}},"253":{"start":{"line":419,"column":8},"end":{"line":419,"column":21}},"254":{"start":{"line":421,"column":6},"end":{"line":421,"column":33}},"255":{"start":{"line":422,"column":6},"end":{"line":422,"column":37}},"256":{"start":{"line":423,"column":6},"end":{"line":423,"column":26}},"257":{"start":{"line":424,"column":6},"end":{"line":424,"column":19}},"258":{"start":{"line":429,"column":2},"end":{"line":436,"column":4}},"259":{"start":{"line":439,"column":2},"end":{"line":451,"column":3}},"260":{"start":{"line":440,"column":4},"end":{"line":450,"column":6}}},"fnMap":{"0":{"name":"(anonymous_0)","decl":{"start":{"line":6,"column":1},"end":{"line":6,"column":2}},"loc":{"start":{"line":6,"column":12},"end":{"line":453,"column":1}},"line":6},"1":{"name":"formatTranscriptWithTimestamps","decl":{"start":{"line":12,"column":11},"end":{"line":12,"column":41}},"loc":{"start":{"line":12,"column":59},"end":{"line":26,"column":3}},"line":12},"2":{"name":"(anonymous_2)","decl":{"start":{"line":14,"column":31},"end":{"line":14,"column":32}},"loc":{"start":{"line":14,"column":46},"end":{"line":25,"column":5}},"line":14},"3":{"name":"linkTimestamps","decl":{"start":{"line":29,"column":11},"end":{"line":29,"column":25}},"loc":{"start":{"line":29,"column":30},"end":{"line":70,"column":3}},"line":29},"4":{"name":"(anonymous_4)","decl":{"start":{"line":56,"column":44},"end":{"line":56,"column":45}},"loc":{"start":{"line":56,"column":58},"end":{"line":62,"column":11}},"line":56},"5":{"name":"(anonymous_5)","decl":{"start":{"line":57,"column":19},"end":{"line":57,"column":20}},"loc":{"start":{"line":57,"column":31},"end":{"line":61,"column":13}},"line":57},"6":{"name":"resolveApiConfig","decl":{"start":{"line":73,"column":17},"end":{"line":73,"column":33}},"loc":{"start":{"line":73,"column":40},"end":{"line":84,"column":3}},"line":73},"7":{"name":"abortCurrentStream","decl":{"start":{"line":87,"column":11},"end":{"line":87,"column":29}},"loc":{"start":{"line":87,"column":32},"end":{"line":92,"column":3}},"line":87},"8":{"name":"showError","decl":{"start":{"line":95,"column":11},"end":{"line":95,"column":20}},"loc":{"start":{"line":95,"column":26},"end":{"line":97,"column":3}},"line":95},"9":{"name":"finalizeResult","decl":{"start":{"line":100,"column":11},"end":{"line":100,"column":25}},"loc":{"start":{"line":100,"column":87},"end":{"line":140,"column":3}},"line":100},"10":{"name":"createTimeoutPromise","decl":{"start":{"line":143,"column":11},"end":{"line":143,"column":31}},"loc":{"start":{"line":143,"column":34},"end":{"line":149,"column":3}},"line":143},"11":{"name":"(anonymous_11)","decl":{"start":{"line":144,"column":23},"end":{"line":144,"column":24}},"loc":{"start":{"line":144,"column":43},"end":{"line":148,"column":5}},"line":144},"12":{"name":"(anonymous_12)","decl":{"start":{"line":145,"column":17},"end":{"line":145,"column":18}},"loc":{"start":{"line":145,"column":28},"end":{"line":147,"column":7}},"line":145},"13":{"name":"fetchTranscriptWithTimeout","decl":{"start":{"line":152,"column":17},"end":{"line":152,"column":43}},"loc":{"start":{"line":152,"column":60},"end":{"line":161,"column":3}},"line":152},"14":{"name":"resolveTranscriptText","decl":{"start":{"line":164,"column":11},"end":{"line":164,"column":32}},"loc":{"start":{"line":164,"column":45},"end":{"line":170,"column":3}},"line":164},"15":{"name":"buildMetaContext","decl":{"start":{"line":173,"column":11},"end":{"line":173,"column":27}},"loc":{"start":{"line":173,"column":34},"end":{"line":194,"column":3}},"line":173},"16":{"name":"fetchConfigAndPrompt","decl":{"start":{"line":197,"column":17},"end":{"line":197,"column":37}},"loc":{"start":{"line":197,"column":44},"end":{"line":207,"column":3}},"line":197},"17":{"name":"processSingleStream","decl":{"start":{"line":210,"column":17},"end":{"line":210,"column":36}},"loc":{"start":{"line":210,"column":94},"end":{"line":226,"column":3}},"line":210},"18":{"name":"(anonymous_18)","decl":{"start":{"line":214,"column":8},"end":{"line":214,"column":9}},"loc":{"start":{"line":214,"column":24},"end":{"line":217,"column":9}},"line":214},"19":{"name":"(anonymous_19)","decl":{"start":{"line":218,"column":8},"end":{"line":218,"column":9}},"loc":{"start":{"line":218,"column":27},"end":{"line":220,"column":9}},"line":218},"20":{"name":"processSingleChunk","decl":{"start":{"line":229,"column":17},"end":{"line":229,"column":35}},"loc":{"start":{"line":229,"column":92},"end":{"line":250,"column":3}},"line":229},"21":{"name":"(anonymous_21)","decl":{"start":{"line":241,"column":28},"end":{"line":241,"column":29}},"loc":{"start":{"line":241,"column":40},"end":{"line":241,"column":63}},"line":241},"22":{"name":"processMapReduce","decl":{"start":{"line":253,"column":17},"end":{"line":253,"column":33}},"loc":{"start":{"line":253,"column":97},"end":{"line":324,"column":3}},"line":253},"23":{"name":"worker","decl":{"start":{"line":260,"column":19},"end":{"line":260,"column":25}},"loc":{"start":{"line":260,"column":28},"end":{"line":274,"column":5}},"line":260},"24":{"name":"(anonymous_24)","decl":{"start":{"line":289,"column":42},"end":{"line":289,"column":43}},"loc":{"start":{"line":289,"column":54},"end":{"line":289,"column":76}},"line":289},"25":{"name":"(anonymous_25)","decl":{"start":{"line":295,"column":49},"end":{"line":295,"column":50}},"loc":{"start":{"line":295,"column":66},"end":{"line":297,"column":5}},"line":295},"26":{"name":"(anonymous_26)","decl":{"start":{"line":312,"column":8},"end":{"line":312,"column":9}},"loc":{"start":{"line":312,"column":24},"end":{"line":315,"column":9}},"line":312},"27":{"name":"(anonymous_27)","decl":{"start":{"line":316,"column":8},"end":{"line":316,"column":9}},"loc":{"start":{"line":316,"column":27},"end":{"line":318,"column":9}},"line":316},"28":{"name":"callAI","decl":{"start":{"line":328,"column":17},"end":{"line":328,"column":23}},"loc":{"start":{"line":328,"column":40},"end":{"line":426,"column":3}},"line":328}},"branchMap":{"0":{"loc":{"start":{"line":13,"column":4},"end":{"line":13,"column":68}},"type":"if","locations":[{"start":{"line":13,"column":4},"end":{"line":13,"column":68}},{"start":{},"end":{}}],"line":13},"1":{"loc":{"start":{"line":13,"column":8},"end":{"line":13,"column":56}},"type":"binary-expr","locations":[{"start":{"line":13,"column":8},"end":{"line":13,"column":24}},{"start":{"line":13,"column":28},"end":{"line":13,"column":56}}],"line":13},"2":{"loc":{"start":{"line":15,"column":17},"end":{"line":15,"column":40}},"type":"binary-expr","locations":[{"start":{"line":15,"column":17},"end":{"line":15,"column":26}},{"start":{"line":15,"column":30},"end":{"line":15,"column":34}},{"start":{"line":15,"column":38},"end":{"line":15,"column":40}}],"line":15},"3":{"loc":{"start":{"line":16,"column":6},"end":{"line":23,"column":7}},"type":"if","locations":[{"start":{"line":16,"column":6},"end":{"line":23,"column":7}},{"start":{},"end":{}}],"line":16},"4":{"loc":{"start":{"line":30,"column":4},"end":{"line":30,"column":20}},"type":"if","locations":[{"start":{"line":30,"column":4},"end":{"line":30,"column":20}},{"start":{},"end":{}}],"line":30},"5":{"loc":{"start":{"line":35,"column":6},"end":{"line":37,"column":7}},"type":"if","locations":[{"start":{"line":35,"column":6},"end":{"line":37,"column":7}},{"start":{},"end":{}}],"line":35},"6":{"loc":{"start":{"line":35,"column":10},"end":{"line":35,"column":70}},"type":"binary-expr","locations":[{"start":{"line":35,"column":10},"end":{"line":35,"column":26}},{"start":{"line":35,"column":30},"end":{"line":35,"column":70}}],"line":35},"7":{"loc":{"start":{"line":42,"column":6},"end":{"line":42,"column":28}},"type":"if","locations":[{"start":{"line":42,"column":6},"end":{"line":42,"column":28}},{"start":{},"end":{}}],"line":42},"8":{"loc":{"start":{"line":49,"column":8},"end":{"line":66,"column":9}},"type":"if","locations":[{"start":{"line":49,"column":8},"end":{"line":66,"column":9}},{"start":{"line":64,"column":15},"end":{"line":66,"column":9}}],"line":49},"9":{"loc":{"start":{"line":60,"column":14},"end":{"line":60,"column":41}},"type":"if","locations":[{"start":{"line":60,"column":14},"end":{"line":60,"column":41}},{"start":{},"end":{}}],"line":60},"10":{"loc":{"start":{"line":64,"column":15},"end":{"line":66,"column":9}},"type":"if","locations":[{"start":{"line":64,"column":15},"end":{"line":66,"column":9}},{"start":{},"end":{}}],"line":64},"11":{"loc":{"start":{"line":75,"column":4},"end":{"line":78,"column":5}},"type":"if","locations":[{"start":{"line":75,"column":4},"end":{"line":78,"column":5}},{"start":{},"end":{}}],"line":75},"12":{"loc":{"start":{"line":77,"column":6},"end":{"line":77,"column":49}},"type":"if","locations":[{"start":{"line":77,"column":6},"end":{"line":77,"column":49}},{"start":{},"end":{}}],"line":77},"13":{"loc":{"start":{"line":77,"column":10},"end":{"line":77,"column":33}},"type":"binary-expr","locations":[{"start":{"line":77,"column":10},"end":{"line":77,"column":16}},{"start":{"line":77,"column":20},"end":{"line":77,"column":33}}],"line":77},"14":{"loc":{"start":{"line":81,"column":6},"end":{"line":81,"column":53}},"type":"if","locations":[{"start":{"line":81,"column":6},"end":{"line":81,"column":53}},{"start":{},"end":{}}],"line":81},"15":{"loc":{"start":{"line":88,"column":4},"end":{"line":91,"column":5}},"type":"if","locations":[{"start":{"line":88,"column":4},"end":{"line":91,"column":5}},{"start":{},"end":{}}],"line":88},"16":{"loc":{"start":{"line":112,"column":4},"end":{"line":121,"column":5}},"type":"if","locations":[{"start":{"line":112,"column":4},"end":{"line":121,"column":5}},{"start":{},"end":{}}],"line":112},"17":{"loc":{"start":{"line":122,"column":4},"end":{"line":124,"column":5}},"type":"if","locations":[{"start":{"line":122,"column":4},"end":{"line":124,"column":5}},{"start":{},"end":{}}],"line":122},"18":{"loc":{"start":{"line":122,"column":8},"end":{"line":122,"column":59}},"type":"binary-expr","locations":[{"start":{"line":122,"column":8},"end":{"line":122,"column":37}},{"start":{"line":122,"column":41},"end":{"line":122,"column":59}}],"line":122},"19":{"loc":{"start":{"line":129,"column":22},"end":{"line":129,"column":135}},"type":"binary-expr","locations":[{"start":{"line":129,"column":22},"end":{"line":129,"column":74}},{"start":{"line":129,"column":78},"end":{"line":129,"column":135}}],"line":129},"20":{"loc":{"start":{"line":130,"column":6},"end":{"line":136,"column":7}},"type":"if","locations":[{"start":{"line":130,"column":6},"end":{"line":136,"column":7}},{"start":{},"end":{}}],"line":130},"21":{"loc":{"start":{"line":154,"column":4},"end":{"line":159,"column":5}},"type":"if","locations":[{"start":{"line":154,"column":4},"end":{"line":159,"column":5}},{"start":{},"end":{}}],"line":154},"22":{"loc":{"start":{"line":165,"column":4},"end":{"line":169,"column":5}},"type":"if","locations":[{"start":{"line":165,"column":4},"end":{"line":169,"column":5}},{"start":{"line":167,"column":11},"end":{"line":169,"column":5}}],"line":165},"23":{"loc":{"start":{"line":165,"column":8},"end":{"line":165,"column":71}},"type":"binary-expr","locations":[{"start":{"line":165,"column":8},"end":{"line":165,"column":32}},{"start":{"line":165,"column":36},"end":{"line":165,"column":71}}],"line":165},"24":{"loc":{"start":{"line":174,"column":4},"end":{"line":174,"column":25}},"type":"if","locations":[{"start":{"line":174,"column":4},"end":{"line":174,"column":25}},{"start":{},"end":{}}],"line":174},"25":{"loc":{"start":{"line":178,"column":4},"end":{"line":178,"column":54}},"type":"if","locations":[{"start":{"line":178,"column":4},"end":{"line":178,"column":54}},{"start":{},"end":{}}],"line":178},"26":{"loc":{"start":{"line":179,"column":4},"end":{"line":179,"column":57}},"type":"if","locations":[{"start":{"line":179,"column":4},"end":{"line":179,"column":57}},{"start":{},"end":{}}],"line":179},"27":{"loc":{"start":{"line":180,"column":4},"end":{"line":183,"column":5}},"type":"if","locations":[{"start":{"line":180,"column":4},"end":{"line":183,"column":5}},{"start":{},"end":{}}],"line":180},"28":{"loc":{"start":{"line":181,"column":17},"end":{"line":181,"column":125}},"type":"cond-expr","locations":[{"start":{"line":181,"column":54},"end":{"line":181,"column":101}},{"start":{"line":181,"column":104},"end":{"line":181,"column":125}}],"line":181},"29":{"loc":{"start":{"line":184,"column":4},"end":{"line":184,"column":87}},"type":"if","locations":[{"start":{"line":184,"column":4},"end":{"line":184,"column":87}},{"start":{},"end":{}}],"line":184},"30":{"loc":{"start":{"line":185,"column":4},"end":{"line":190,"column":5}},"type":"if","locations":[{"start":{"line":185,"column":4},"end":{"line":190,"column":5}},{"start":{},"end":{}}],"line":185},"31":{"loc":{"start":{"line":189,"column":41},"end":{"line":189,"column":65}},"type":"cond-expr","locations":[{"start":{"line":189,"column":51},"end":{"line":189,"column":60}},{"start":{"line":189,"column":63},"end":{"line":189,"column":65}}],"line":189},"32":{"loc":{"start":{"line":191,"column":4},"end":{"line":191,"column":58}},"type":"if","locations":[{"start":{"line":191,"column":4},"end":{"line":191,"column":58}},{"start":{},"end":{}}],"line":191},"33":{"loc":{"start":{"line":199,"column":4},"end":{"line":201,"column":5}},"type":"if","locations":[{"start":{"line":199,"column":4},"end":{"line":201,"column":5}},{"start":{},"end":{}}],"line":199},"34":{"loc":{"start":{"line":199,"column":8},"end":{"line":199,"column":33}},"type":"binary-expr","locations":[{"start":{"line":199,"column":8},"end":{"line":199,"column":15}},{"start":{"line":199,"column":19},"end":{"line":199,"column":33}}],"line":199},"35":{"loc":{"start":{"line":202,"column":4},"end":{"line":202,"column":47}},"type":"if","locations":[{"start":{"line":202,"column":4},"end":{"line":202,"column":47}},{"start":{},"end":{}}],"line":202},"36":{"loc":{"start":{"line":202,"column":8},"end":{"line":202,"column":33}},"type":"binary-expr","locations":[{"start":{"line":202,"column":8},"end":{"line":202,"column":15}},{"start":{"line":202,"column":19},"end":{"line":202,"column":33}}],"line":202},"37":{"loc":{"start":{"line":205,"column":4},"end":{"line":205,"column":49}},"type":"if","locations":[{"start":{"line":205,"column":4},"end":{"line":205,"column":49}},{"start":{},"end":{}}],"line":205},"38":{"loc":{"start":{"line":216,"column":10},"end":{"line":216,"column":69}},"type":"if","locations":[{"start":{"line":216,"column":10},"end":{"line":216,"column":69}},{"start":{},"end":{}}],"line":216},"39":{"loc":{"start":{"line":219,"column":24},"end":{"line":219,"column":47}},"type":"binary-expr","locations":[{"start":{"line":219,"column":24},"end":{"line":219,"column":32}},{"start":{"line":219,"column":36},"end":{"line":219,"column":47}}],"line":219},"40":{"loc":{"start":{"line":237,"column":8},"end":{"line":237,"column":74}},"type":"if","locations":[{"start":{"line":237,"column":8},"end":{"line":237,"column":74}},{"start":{},"end":{}}],"line":237},"41":{"loc":{"start":{"line":237,"column":12},"end":{"line":237,"column":64}},"type":"binary-expr","locations":[{"start":{"line":237,"column":12},"end":{"line":237,"column":37}},{"start":{"line":237,"column":41},"end":{"line":237,"column":64}}],"line":237},"42":{"loc":{"start":{"line":238,"column":8},"end":{"line":246,"column":9}},"type":"if","locations":[{"start":{"line":238,"column":8},"end":{"line":246,"column":9}},{"start":{"line":242,"column":15},"end":{"line":246,"column":9}}],"line":238},"43":{"loc":{"start":{"line":262,"column":13},"end":{"line":262,"column":65}},"type":"binary-expr","locations":[{"start":{"line":262,"column":13},"end":{"line":262,"column":46}},{"start":{"line":262,"column":50},"end":{"line":262,"column":65}}],"line":262},"44":{"loc":{"start":{"line":269,"column":8},"end":{"line":272,"column":9}},"type":"if","locations":[{"start":{"line":269,"column":8},"end":{"line":272,"column":9}},{"start":{},"end":{}}],"line":269},"45":{"loc":{"start":{"line":284,"column":4},"end":{"line":286,"column":5}},"type":"if","locations":[{"start":{"line":284,"column":4},"end":{"line":286,"column":5}},{"start":{},"end":{}}],"line":284},"46":{"loc":{"start":{"line":290,"column":4},"end":{"line":293,"column":5}},"type":"if","locations":[{"start":{"line":290,"column":4},"end":{"line":293,"column":5}},{"start":{},"end":{}}],"line":290},"47":{"loc":{"start":{"line":314,"column":10},"end":{"line":314,"column":69}},"type":"if","locations":[{"start":{"line":314,"column":10},"end":{"line":314,"column":69}},{"start":{},"end":{}}],"line":314},"48":{"loc":{"start":{"line":317,"column":24},"end":{"line":317,"column":47}},"type":"binary-expr","locations":[{"start":{"line":317,"column":24},"end":{"line":317,"column":32}},{"start":{"line":317,"column":36},"end":{"line":317,"column":47}}],"line":317},"49":{"loc":{"start":{"line":330,"column":4},"end":{"line":330,"column":27}},"type":"if","locations":[{"start":{"line":330,"column":4},"end":{"line":330,"column":27}},{"start":{},"end":{}}],"line":330},"50":{"loc":{"start":{"line":332,"column":4},"end":{"line":332,"column":39}},"type":"if","locations":[{"start":{"line":332,"column":4},"end":{"line":332,"column":39}},{"start":{},"end":{}}],"line":332},"51":{"loc":{"start":{"line":346,"column":6},"end":{"line":350,"column":7}},"type":"if","locations":[{"start":{"line":346,"column":6},"end":{"line":350,"column":7}},{"start":{},"end":{}}],"line":346},"52":{"loc":{"start":{"line":346,"column":10},"end":{"line":346,"column":71}},"type":"binary-expr","locations":[{"start":{"line":346,"column":10},"end":{"line":346,"column":21}},{"start":{"line":346,"column":25},"end":{"line":346,"column":40}},{"start":{"line":346,"column":44},"end":{"line":346,"column":71}}],"line":346},"53":{"loc":{"start":{"line":353,"column":20},"end":{"line":353,"column":43}},"type":"binary-expr","locations":[{"start":{"line":353,"column":20},"end":{"line":353,"column":35}},{"start":{"line":353,"column":39},"end":{"line":353,"column":43}}],"line":353},"54":{"loc":{"start":{"line":360,"column":6},"end":{"line":364,"column":7}},"type":"if","locations":[{"start":{"line":360,"column":6},"end":{"line":364,"column":7}},{"start":{},"end":{}}],"line":360},"55":{"loc":{"start":{"line":380,"column":6},"end":{"line":396,"column":7}},"type":"if","locations":[{"start":{"line":380,"column":6},"end":{"line":396,"column":7}},{"start":{"line":388,"column":13},"end":{"line":396,"column":7}}],"line":380},"56":{"loc":{"start":{"line":395,"column":8},"end":{"line":395,"column":47}},"type":"if","locations":[{"start":{"line":395,"column":8},"end":{"line":395,"column":47}},{"start":{},"end":{}}],"line":395},"57":{"loc":{"start":{"line":403,"column":6},"end":{"line":406,"column":7}},"type":"if","locations":[{"start":{"line":403,"column":6},"end":{"line":406,"column":7}},{"start":{},"end":{}}],"line":403},"58":{"loc":{"start":{"line":403,"column":10},"end":{"line":403,"column":62}},"type":"binary-expr","locations":[{"start":{"line":403,"column":10},"end":{"line":403,"column":35}},{"start":{"line":403,"column":39},"end":{"line":403,"column":62}}],"line":403},"59":{"loc":{"start":{"line":407,"column":6},"end":{"line":410,"column":7}},"type":"if","locations":[{"start":{"line":407,"column":6},"end":{"line":410,"column":7}},{"start":{},"end":{}}],"line":407},"60":{"loc":{"start":{"line":407,"column":10},"end":{"line":407,"column":66}},"type":"binary-expr","locations":[{"start":{"line":407,"column":10},"end":{"line":407,"column":35}},{"start":{"line":407,"column":39},"end":{"line":407,"column":66}}],"line":407},"61":{"loc":{"start":{"line":411,"column":6},"end":{"line":416,"column":7}},"type":"if","locations":[{"start":{"line":411,"column":6},"end":{"line":416,"column":7}},{"start":{},"end":{}}],"line":411},"62":{"loc":{"start":{"line":417,"column":6},"end":{"line":420,"column":7}},"type":"if","locations":[{"start":{"line":417,"column":6},"end":{"line":420,"column":7}},{"start":{},"end":{}}],"line":417},"63":{"loc":{"start":{"line":417,"column":10},"end":{"line":417,"column":53}},"type":"binary-expr","locations":[{"start":{"line":417,"column":10},"end":{"line":417,"column":19}},{"start":{"line":417,"column":23},"end":{"line":417,"column":53}}],"line":417},"64":{"loc":{"start":{"line":439,"column":2},"end":{"line":451,"column":3}},"type":"if","locations":[{"start":{"line":439,"column":2},"end":{"line":451,"column":3}},{"start":{},"end":{}}],"line":439},"65":{"loc":{"start":{"line":439,"column":6},"end":{"line":439,"column":53}},"type":"binary-expr","locations":[{"start":{"line":439,"column":6},"end":{"line":439,"column":35}},{"start":{"line":439,"column":39},"end":{"line":439,"column":53}}],"line":439}},"s":{"0":1,"1":1,"2":6,"3":3,"4":3,"5":7,"6":7,"7":5,"8":5,"9":5,"10":5,"11":5,"12":5,"13":2,"14":0,"15":0,"16":0,"17":0,"18":0,"19":0,"20":0,"21":0,"22":0,"23":0,"24":0,"25":0,"26":0,"27":0,"28":0,"29":0,"30":0,"31":0,"32":0,"33":0,"34":0,"35":0,"36":0,"37":0,"38":0,"39":0,"40":0,"41":0,"42":0,"43":0,"44":0,"45":0,"46":0,"47":0,"48":0,"49":0,"50":0,"51":0,"52":6,"53":6,"54":0,"55":0,"56":0,"57":6,"58":6,"59":6,"60":0,"61":0,"62":6,"63":2,"64":1,"65":1,"66":0,"67":3,"68":3,"69":3,"70":3,"71":3,"72":3,"73":3,"74":2,"75":2,"76":2,"77":2,"78":2,"79":2,"80":2,"81":2,"82":3,"83":3,"84":3,"85":3,"86":3,"87":3,"88":3,"89":0,"90":0,"91":1,"92":1,"93":1,"94":0,"95":0,"96":0,"97":0,"98":0,"99":0,"100":0,"101":6,"102":2,"103":4,"104":4,"105":4,"106":4,"107":4,"108":4,"109":1,"110":4,"111":2,"112":2,"113":4,"114":2,"115":4,"116":2,"117":2,"118":2,"119":2,"120":4,"121":1,"122":4,"123":4,"124":3,"125":3,"126":3,"127":3,"128":3,"129":0,"130":0,"131":0,"132":0,"133":0,"134":0,"135":0,"136":0,"137":0,"138":0,"139":0,"140":0,"141":0,"142":0,"143":0,"144":0,"145":0,"146":0,"147":0,"148":0,"149":0,"150":0,"151":0,"152":0,"153":0,"154":0,"155":0,"156":0,"157":0,"158":0,"159":0,"160":0,"161":0,"162":0,"163":0,"164":0,"165":0,"166":0,"167":0,"168":0,"169":0,"170":0,"171":0,"172":0,"173":0,"174":0,"175":0,"176":0,"177":0,"178":0,"179":0,"180":0,"181":0,"182":0,"183":0,"184":0,"185":0,"186":0,"187":0,"188":0,"189":0,"190":0,"191":0,"192":0,"193":0,"194":0,"195":0,"196":0,"197":0,"198":0,"199":0,"200":0,"201":0,"202":0,"203":0,"204":0,"205":0,"206":0,"207":0,"208":0,"209":0,"210":0,"211":0,"212":0,"213":0,"214":0,"215":0,"216":0,"217":0,"218":0,"219":0,"220":0,"221":0,"222":0,"223":0,"224":0,"225":0,"226":0,"227":0,"228":0,"229":0,"230":0,"231":0,"232":0,"233":0,"234":0,"235":0,"236":0,"237":0,"238":0,"239":0,"240":0,"241":0,"242":0,"243":0,"244":0,"245":0,"246":0,"247":0,"248":0,"249":0,"250":0,"251":0,"252":0,"253":0,"254":0,"255":0,"256":0,"257":0,"258":1,"259":1,"260":1},"f":{"0":1,"1":6,"2":7,"3":0,"4":0,"5":0,"6":6,"7":2,"8":0,"9":3,"10":1,"11":1,"12":1,"13":0,"14":0,"15":6,"16":3,"17":0,"18":0,"19":0,"20":0,"21":0,"22":0,"23":0,"24":0,"25":0,"26":0,"27":0,"28":0},"b":{"0":[3,3],"1":[6,4],"2":[7,0,0],"3":[5,2],"4":[0,0],"5":[0,0],"6":[0,0],"7":[0,0],"8":[0,0],"9":[0,0],"10":[0,0],"11":[0,6],"12":[0,0],"13":[0,0],"14":[0,0],"15":[1,1],"16":[2,1],"17":[3,0],"18":[3,3],"19":[3,3],"20":[0,3],"21":[0,0],"22":[0,0],"23":[0,0],"24":[2,4],"25":[4,0],"26":[1,3],"27":[2,2],"28":[1,1],"29":[2,2],"30":[2,2],"31":[1,1],"32":[1,3],"33":[3,0],"34":[3,0],"35":[3,0],"36":[3,0],"37":[0,0],"38":[0,0],"39":[0,0],"40":[0,0],"41":[0,0],"42":[0,0],"43":[0,0],"44":[0,0],"45":[0,0],"46":[0,0],"47":[0,0],"48":[0,0],"49":[0,0],"50":[0,0],"51":[0,0],"52":[0,0,0],"53":[0,0],"54":[0,0],"55":[0,0],"56":[0,0],"57":[0,0],"58":[0,0],"59":[0,0],"60":[0,0],"61":[0,0],"62":[0,0],"63":[0,0],"64":[1,0],"65":[1,1]},"_coverageSchema":"1a1c01bbd47fc00a2c39e90264f33305004495a9","hash":"a299a2c9de2a8f028513bd9033fa0e20198304de"}
,"D:\\アプリ\\youtube要約\\youtube-hello-extension\\src\\domain\\api.js": {"path":"D:\\アプリ\\youtube要約\\youtube-hello-extension\\src\\domain\\api.js","statementMap":{"0":{"start":{"line":5,"column":0},"end":{"line":218,"column":5}},"1":{"start":{"line":10,"column":20},"end":{"line":13,"column":5}},"2":{"start":{"line":15,"column":6},"end":{"line":15,"column":68}},"3":{"start":{"line":16,"column":4},"end":{"line":19,"column":5}},"4":{"start":{"line":17,"column":6},"end":{"line":17,"column":69}},"5":{"start":{"line":18,"column":6},"end":{"line":18,"column":55}},"6":{"start":{"line":21,"column":17},"end":{"line":27,"column":5}},"7":{"start":{"line":30,"column":4},"end":{"line":39,"column":5}},"8":{"start":{"line":31,"column":6},"end":{"line":38,"column":7}},"9":{"start":{"line":32,"column":22},"end":{"line":32,"column":52}},"10":{"start":{"line":33,"column":8},"end":{"line":35,"column":9}},"11":{"start":{"line":34,"column":10},"end":{"line":34,"column":64}},"12":{"start":{"line":34,"column":41},"end":{"line":34,"column":64}},"13":{"start":{"line":37,"column":8},"end":{"line":37,"column":63}},"14":{"start":{"line":41,"column":4},"end":{"line":41,"column":60}},"15":{"start":{"line":46,"column":18},"end":{"line":46,"column":20}},"16":{"start":{"line":47,"column":4},"end":{"line":51,"column":5}},"17":{"start":{"line":48,"column":6},"end":{"line":48,"column":38}},"18":{"start":{"line":50,"column":6},"end":{"line":50,"column":67}},"19":{"start":{"line":52,"column":20},"end":{"line":52,"column":22}},"20":{"start":{"line":53,"column":4},"end":{"line":59,"column":5}},"21":{"start":{"line":54,"column":6},"end":{"line":54,"column":59}},"22":{"start":{"line":55,"column":11},"end":{"line":59,"column":5}},"23":{"start":{"line":56,"column":6},"end":{"line":56,"column":78}},"24":{"start":{"line":58,"column":6},"end":{"line":58,"column":126}},"25":{"start":{"line":60,"column":4},"end":{"line":60,"column":74}},"26":{"start":{"line":65,"column":27},"end":{"line":65,"column":49}},"27":{"start":{"line":66,"column":4},"end":{"line":122,"column":5}},"28":{"start":{"line":66,"column":23},"end":{"line":66,"column":24}},"29":{"start":{"line":67,"column":25},"end":{"line":67,"column":46}},"30":{"start":{"line":68,"column":24},"end":{"line":70,"column":15}},"31":{"start":{"line":69,"column":8},"end":{"line":69,"column":27}},"32":{"start":{"line":71,"column":30},"end":{"line":71,"column":35}},"33":{"start":{"line":72,"column":28},"end":{"line":72,"column":32}},"34":{"start":{"line":73,"column":6},"end":{"line":79,"column":7}},"35":{"start":{"line":74,"column":8},"end":{"line":77,"column":10}},"36":{"start":{"line":75,"column":10},"end":{"line":75,"column":35}},"37":{"start":{"line":76,"column":10},"end":{"line":76,"column":29}},"38":{"start":{"line":78,"column":8},"end":{"line":78,"column":82}},"39":{"start":{"line":81,"column":6},"end":{"line":121,"column":7}},"40":{"start":{"line":82,"column":8},"end":{"line":87,"column":11}},"41":{"start":{"line":88,"column":8},"end":{"line":88,"column":32}},"42":{"start":{"line":89,"column":8},"end":{"line":91,"column":9}},"43":{"start":{"line":90,"column":10},"end":{"line":90,"column":71}},"44":{"start":{"line":92,"column":8},"end":{"line":92,"column":41}},"45":{"start":{"line":92,"column":25},"end":{"line":92,"column":41}},"46":{"start":{"line":93,"column":8},"end":{"line":102,"column":9}},"47":{"start":{"line":97,"column":23},"end":{"line":97,"column":37}},"48":{"start":{"line":98,"column":10},"end":{"line":100,"column":13}},"49":{"start":{"line":99,"column":12},"end":{"line":99,"column":32}},"50":{"start":{"line":101,"column":10},"end":{"line":101,"column":19}},"51":{"start":{"line":103,"column":8},"end":{"line":103,"column":24}},"52":{"start":{"line":105,"column":8},"end":{"line":105,"column":32}},"53":{"start":{"line":106,"column":8},"end":{"line":108,"column":9}},"54":{"start":{"line":107,"column":10},"end":{"line":107,"column":71}},"55":{"start":{"line":109,"column":8},"end":{"line":113,"column":9}},"56":{"start":{"line":110,"column":10},"end":{"line":112,"column":58}},"57":{"start":{"line":114,"column":8},"end":{"line":119,"column":9}},"58":{"start":{"line":115,"column":10},"end":{"line":117,"column":13}},"59":{"start":{"line":116,"column":12},"end":{"line":116,"column":42}},"60":{"start":{"line":118,"column":10},"end":{"line":118,"column":19}},"61":{"start":{"line":120,"column":8},"end":{"line":120,"column":16}},"62":{"start":{"line":127,"column":20},"end":{"line":127,"column":37}},"63":{"start":{"line":128,"column":17},"end":{"line":128,"column":19}},"64":{"start":{"line":129,"column":22},"end":{"line":129,"column":24}},"65":{"start":{"line":130,"column":4},"end":{"line":164,"column":5}},"66":{"start":{"line":131,"column":6},"end":{"line":158,"column":7}},"67":{"start":{"line":132,"column":23},"end":{"line":132,"column":42}},"68":{"start":{"line":133,"column":8},"end":{"line":133,"column":31}},"69":{"start":{"line":133,"column":25},"end":{"line":133,"column":31}},"70":{"start":{"line":134,"column":8},"end":{"line":134,"column":65}},"71":{"start":{"line":135,"column":22},"end":{"line":135,"column":40}},"72":{"start":{"line":136,"column":8},"end":{"line":136,"column":35}},"73":{"start":{"line":137,"column":8},"end":{"line":157,"column":9}},"74":{"start":{"line":137,"column":21},"end":{"line":137,"column":22}},"75":{"start":{"line":138,"column":23},"end":{"line":138,"column":38}},"76":{"start":{"line":139,"column":10},"end":{"line":142,"column":11}},"77":{"start":{"line":140,"column":12},"end":{"line":140,"column":32}},"78":{"start":{"line":141,"column":12},"end":{"line":141,"column":19}},"79":{"start":{"line":143,"column":10},"end":{"line":156,"column":11}},"80":{"start":{"line":144,"column":28},"end":{"line":144,"column":45}},"81":{"start":{"line":145,"column":12},"end":{"line":155,"column":13}},"82":{"start":{"line":146,"column":29},"end":{"line":146,"column":48}},"83":{"start":{"line":148,"column":16},"end":{"line":148,"column":78}},"84":{"start":{"line":149,"column":14},"end":{"line":152,"column":15}},"85":{"start":{"line":150,"column":16},"end":{"line":150,"column":45}},"86":{"start":{"line":151,"column":16},"end":{"line":151,"column":37}},"87":{"start":{"line":154,"column":14},"end":{"line":154,"column":71}},"88":{"start":{"line":160,"column":6},"end":{"line":161,"column":49}},"89":{"start":{"line":161,"column":8},"end":{"line":161,"column":49}},"90":{"start":{"line":162,"column":6},"end":{"line":162,"column":54}},"91":{"start":{"line":163,"column":6},"end":{"line":163,"column":14}},"92":{"start":{"line":165,"column":4},"end":{"line":165,"column":24}},"93":{"start":{"line":169,"column":2},"end":{"line":186,"column":4}},"94":{"start":{"line":174,"column":25},"end":{"line":174,"column":68}},"95":{"start":{"line":175,"column":4},"end":{"line":175,"column":55}},"96":{"start":{"line":175,"column":21},"end":{"line":175,"column":55}},"97":{"start":{"line":177,"column":21},"end":{"line":177,"column":73}},"98":{"start":{"line":179,"column":4},"end":{"line":181,"column":5}},"99":{"start":{"line":180,"column":6},"end":{"line":180,"column":42}},"100":{"start":{"line":183,"column":17},"end":{"line":183,"column":38}},"101":{"start":{"line":184,"column":20},"end":{"line":184,"column":113}},"102":{"start":{"line":185,"column":4},"end":{"line":185,"column":25}},"103":{"start":{"line":189,"column":2},"end":{"line":207,"column":4}},"104":{"start":{"line":196,"column":25},"end":{"line":196,"column":67}},"105":{"start":{"line":197,"column":4},"end":{"line":197,"column":55}},"106":{"start":{"line":197,"column":21},"end":{"line":197,"column":55}},"107":{"start":{"line":199,"column":21},"end":{"line":199,"column":73}},"108":{"start":{"line":201,"column":4},"end":{"line":203,"column":5}},"109":{"start":{"line":202,"column":6},"end":{"line":202,"column":42}},"110":{"start":{"line":205,"column":19},"end":{"line":205,"column":44}},"111":{"start":{"line":206,"column":4},"end":{"line":206,"column":46}},"112":{"start":{"line":210,"column":2},"end":{"line":216,"column":3}},"113":{"start":{"line":211,"column":4},"end":{"line":215,"column":6}}},"fnMap":{"0":{"name":"(anonymous_0)","decl":{"start":{"line":5,"column":1},"end":{"line":5,"column":2}},"loc":{"start":{"line":5,"column":13},"end":{"line":218,"column":1}},"line":5},"1":{"name":"buildRequestConfig","decl":{"start":{"line":9,"column":11},"end":{"line":9,"column":29}},"loc":{"start":{"line":9,"column":56},"end":{"line":42,"column":3}},"line":9},"2":{"name":"handleErrorResponse","decl":{"start":{"line":45,"column":17},"end":{"line":45,"column":36}},"loc":{"start":{"line":45,"column":47},"end":{"line":61,"column":3}},"line":45},"3":{"name":"fetchWithRetry","decl":{"start":{"line":64,"column":17},"end":{"line":64,"column":31}},"loc":{"start":{"line":64,"column":58},"end":{"line":123,"column":3}},"line":64},"4":{"name":"(anonymous_4)","decl":{"start":{"line":68,"column":35},"end":{"line":68,"column":36}},"loc":{"start":{"line":68,"column":47},"end":{"line":70,"column":7}},"line":68},"5":{"name":"(anonymous_5)","decl":{"start":{"line":74,"column":26},"end":{"line":74,"column":27}},"loc":{"start":{"line":74,"column":38},"end":{"line":77,"column":9}},"line":74},"6":{"name":"(anonymous_6)","decl":{"start":{"line":98,"column":28},"end":{"line":98,"column":29}},"loc":{"start":{"line":98,"column":41},"end":{"line":100,"column":11}},"line":98},"7":{"name":"(anonymous_7)","decl":{"start":{"line":115,"column":28},"end":{"line":115,"column":29}},"loc":{"start":{"line":115,"column":41},"end":{"line":117,"column":11}},"line":115},"8":{"name":"readStream","decl":{"start":{"line":126,"column":17},"end":{"line":126,"column":27}},"loc":{"start":{"line":126,"column":53},"end":{"line":166,"column":3}},"line":126},"9":{"name":"callChatAPINonStream","decl":{"start":{"line":169,"column":47},"end":{"line":169,"column":67}},"loc":{"start":{"line":173,"column":4},"end":{"line":186,"column":3}},"line":173},"10":{"name":"callChatAPIStream","decl":{"start":{"line":189,"column":44},"end":{"line":189,"column":61}},"loc":{"start":{"line":195,"column":4},"end":{"line":207,"column":3}},"line":195}},"branchMap":{"0":{"loc":{"start":{"line":15,"column":6},"end":{"line":15,"column":68}},"type":"binary-expr","locations":[{"start":{"line":15,"column":6},"end":{"line":15,"column":19}},{"start":{"line":15,"column":23},"end":{"line":15,"column":68}}],"line":15},"1":{"loc":{"start":{"line":16,"column":4},"end":{"line":19,"column":5}},"type":"if","locations":[{"start":{"line":16,"column":4},"end":{"line":19,"column":5}},{"start":{},"end":{}}],"line":16},"2":{"loc":{"start":{"line":24,"column":27},"end":{"line":24,"column":53}},"type":"binary-expr","locations":[{"start":{"line":24,"column":27},"end":{"line":24,"column":43}},{"start":{"line":24,"column":47},"end":{"line":24,"column":53}}],"line":24},"3":{"loc":{"start":{"line":25,"column":30},"end":{"line":25,"column":57}},"type":"binary-expr","locations":[{"start":{"line":25,"column":30},"end":{"line":25,"column":48}},{"start":{"line":25,"column":52},"end":{"line":25,"column":57}}],"line":25},"4":{"loc":{"start":{"line":30,"column":4},"end":{"line":39,"column":5}},"type":"if","locations":[{"start":{"line":30,"column":4},"end":{"line":39,"column":5}},{"start":{},"end":{}}],"line":30},"5":{"loc":{"start":{"line":34,"column":10},"end":{"line":34,"column":64}},"type":"if","locations":[{"start":{"line":34,"column":10},"end":{"line":34,"column":64}},{"start":{},"end":{}}],"line":34},"6":{"loc":{"start":{"line":53,"column":4},"end":{"line":59,"column":5}},"type":"if","locations":[{"start":{"line":53,"column":4},"end":{"line":59,"column":5}},{"start":{"line":55,"column":11},"end":{"line":59,"column":5}}],"line":53},"7":{"loc":{"start":{"line":55,"column":11},"end":{"line":59,"column":5}},"type":"if","locations":[{"start":{"line":55,"column":11},"end":{"line":59,"column":5}},{"start":{"line":57,"column":11},"end":{"line":59,"column":5}}],"line":55},"8":{"loc":{"start":{"line":58,"column":58},"end":{"line":58,"column":124}},"type":"cond-expr","locations":[{"start":{"line":58,"column":81},"end":{"line":58,"column":114}},{"start":{"line":58,"column":117},"end":{"line":58,"column":124}}],"line":58},"9":{"loc":{"start":{"line":65,"column":27},"end":{"line":65,"column":49}},"type":"binary-expr","locations":[{"start":{"line":65,"column":27},"end":{"line":65,"column":41}},{"start":{"line":65,"column":45},"end":{"line":65,"column":49}}],"line":65},"10":{"loc":{"start":{"line":73,"column":6},"end":{"line":79,"column":7}},"type":"if","locations":[{"start":{"line":73,"column":6},"end":{"line":79,"column":7}},{"start":{},"end":{}}],"line":73},"11":{"loc":{"start":{"line":89,"column":8},"end":{"line":91,"column":9}},"type":"if","locations":[{"start":{"line":89,"column":8},"end":{"line":91,"column":9}},{"start":{},"end":{}}],"line":89},"12":{"loc":{"start":{"line":89,"column":12},"end":{"line":89,"column":45}},"type":"binary-expr","locations":[{"start":{"line":89,"column":12},"end":{"line":89,"column":27}},{"start":{"line":89,"column":31},"end":{"line":89,"column":45}}],"line":89},"13":{"loc":{"start":{"line":92,"column":8},"end":{"line":92,"column":41}},"type":"if","locations":[{"start":{"line":92,"column":8},"end":{"line":92,"column":41}},{"start":{},"end":{}}],"line":92},"14":{"loc":{"start":{"line":93,"column":8},"end":{"line":102,"column":9}},"type":"if","locations":[{"start":{"line":93,"column":8},"end":{"line":102,"column":9}},{"start":{},"end":{}}],"line":93},"15":{"loc":{"start":{"line":94,"column":10},"end":{"line":95,"column":30}},"type":"binary-expr","locations":[{"start":{"line":94,"column":11},"end":{"line":94,"column":34}},{"start":{"line":94,"column":38},"end":{"line":94,"column":60}},{"start":{"line":95,"column":10},"end":{"line":95,"column":30}}],"line":94},"16":{"loc":{"start":{"line":106,"column":8},"end":{"line":108,"column":9}},"type":"if","locations":[{"start":{"line":106,"column":8},"end":{"line":108,"column":9}},{"start":{},"end":{}}],"line":106},"17":{"loc":{"start":{"line":106,"column":12},"end":{"line":106,"column":45}},"type":"binary-expr","locations":[{"start":{"line":106,"column":12},"end":{"line":106,"column":27}},{"start":{"line":106,"column":31},"end":{"line":106,"column":45}}],"line":106},"18":{"loc":{"start":{"line":109,"column":8},"end":{"line":113,"column":9}},"type":"if","locations":[{"start":{"line":109,"column":8},"end":{"line":113,"column":9}},{"start":{},"end":{}}],"line":109},"19":{"loc":{"start":{"line":109,"column":12},"end":{"line":109,"column":64}},"type":"binary-expr","locations":[{"start":{"line":109,"column":12},"end":{"line":109,"column":37}},{"start":{"line":109,"column":41},"end":{"line":109,"column":64}}],"line":109},"20":{"loc":{"start":{"line":110,"column":16},"end":{"line":112,"column":57}},"type":"cond-expr","locations":[{"start":{"line":111,"column":14},"end":{"line":111,"column":50}},{"start":{"line":112,"column":14},"end":{"line":112,"column":57}}],"line":110},"21":{"loc":{"start":{"line":114,"column":8},"end":{"line":119,"column":9}},"type":"if","locations":[{"start":{"line":114,"column":8},"end":{"line":119,"column":9}},{"start":{},"end":{}}],"line":114},"22":{"loc":{"start":{"line":133,"column":8},"end":{"line":133,"column":31}},"type":"if","locations":[{"start":{"line":133,"column":8},"end":{"line":133,"column":31}},{"start":{},"end":{}}],"line":133},"23":{"loc":{"start":{"line":136,"column":17},"end":{"line":136,"column":34}},"type":"binary-expr","locations":[{"start":{"line":136,"column":17},"end":{"line":136,"column":28}},{"start":{"line":136,"column":32},"end":{"line":136,"column":34}}],"line":136},"24":{"loc":{"start":{"line":139,"column":10},"end":{"line":142,"column":11}},"type":"if","locations":[{"start":{"line":139,"column":10},"end":{"line":142,"column":11}},{"start":{},"end":{}}],"line":139},"25":{"loc":{"start":{"line":143,"column":10},"end":{"line":156,"column":11}},"type":"if","locations":[{"start":{"line":143,"column":10},"end":{"line":156,"column":11}},{"start":{},"end":{}}],"line":143},"26":{"loc":{"start":{"line":148,"column":16},"end":{"line":148,"column":78}},"type":"binary-expr","locations":[{"start":{"line":148,"column":16},"end":{"line":148,"column":30}},{"start":{"line":148,"column":34},"end":{"line":148,"column":51}},{"start":{"line":148,"column":55},"end":{"line":148,"column":78}}],"line":148},"27":{"loc":{"start":{"line":149,"column":14},"end":{"line":152,"column":15}},"type":"if","locations":[{"start":{"line":149,"column":14},"end":{"line":152,"column":15}},{"start":{},"end":{}}],"line":149},"28":{"loc":{"start":{"line":149,"column":18},"end":{"line":149,"column":40}},"type":"binary-expr","locations":[{"start":{"line":149,"column":18},"end":{"line":149,"column":23}},{"start":{"line":149,"column":27},"end":{"line":149,"column":40}}],"line":149},"29":{"loc":{"start":{"line":160,"column":6},"end":{"line":161,"column":49}},"type":"if","locations":[{"start":{"line":160,"column":6},"end":{"line":161,"column":49}},{"start":{},"end":{}}],"line":160},"30":{"loc":{"start":{"line":160,"column":10},"end":{"line":160,"column":62}},"type":"binary-expr","locations":[{"start":{"line":160,"column":10},"end":{"line":160,"column":35}},{"start":{"line":160,"column":39},"end":{"line":160,"column":62}}],"line":160},"31":{"loc":{"start":{"line":175,"column":4},"end":{"line":175,"column":55}},"type":"if","locations":[{"start":{"line":175,"column":4},"end":{"line":175,"column":55}},{"start":{},"end":{}}],"line":175},"32":{"loc":{"start":{"line":179,"column":4},"end":{"line":181,"column":5}},"type":"if","locations":[{"start":{"line":179,"column":4},"end":{"line":181,"column":5}},{"start":{},"end":{}}],"line":179},"33":{"loc":{"start":{"line":184,"column":20},"end":{"line":184,"column":113}},"type":"binary-expr","locations":[{"start":{"line":184,"column":20},"end":{"line":184,"column":32}},{"start":{"line":184,"column":36},"end":{"line":184,"column":51}},{"start":{"line":184,"column":55},"end":{"line":184,"column":78}},{"start":{"line":184,"column":82},"end":{"line":184,"column":113}}],"line":184},"34":{"loc":{"start":{"line":185,"column":11},"end":{"line":185,"column":24}},"type":"binary-expr","locations":[{"start":{"line":185,"column":11},"end":{"line":185,"column":18}},{"start":{"line":185,"column":22},"end":{"line":185,"column":24}}],"line":185},"35":{"loc":{"start":{"line":197,"column":4},"end":{"line":197,"column":55}},"type":"if","locations":[{"start":{"line":197,"column":4},"end":{"line":197,"column":55}},{"start":{},"end":{}}],"line":197},"36":{"loc":{"start":{"line":201,"column":4},"end":{"line":203,"column":5}},"type":"if","locations":[{"start":{"line":201,"column":4},"end":{"line":203,"column":5}},{"start":{},"end":{}}],"line":201},"37":{"loc":{"start":{"line":210,"column":2},"end":{"line":216,"column":3}},"type":"if","locations":[{"start":{"line":210,"column":2},"end":{"line":216,"column":3}},{"start":{},"end":{}}],"line":210},"38":{"loc":{"start":{"line":210,"column":6},"end":{"line":210,"column":53}},"type":"binary-expr","locations":[{"start":{"line":210,"column":6},"end":{"line":210,"column":35}},{"start":{"line":210,"column":39},"end":{"line":210,"column":53}}],"line":210}},"s":{"0":1,"1":10,"2":10,"3":10,"4":2,"5":2,"6":10,"7":10,"8":2,"9":2,"10":2,"11":4,"12":4,"13":0,"14":10,"15":1,"16":1,"17":1,"18":0,"19":1,"20":1,"21":1,"22":0,"23":0,"24":0,"25":1,"26":5,"27":5,"28":5,"29":7,"30":7,"31":0,"32":7,"33":7,"34":7,"35":0,"36":0,"37":0,"38":0,"39":7,"40":7,"41":7,"42":7,"43":0,"44":7,"45":4,"46":3,"47":2,"48":2,"49":2,"50":2,"51":1,"52":0,"53":0,"54":0,"55":0,"56":0,"57":0,"58":0,"59":0,"60":0,"61":0,"62":6,"63":6,"64":6,"65":6,"66":6,"67":6,"68":6,"69":0,"70":6,"71":6,"72":6,"73":6,"74":6,"75":18,"76":18,"77":6,"78":6,"79":12,"80":6,"81":6,"82":6,"83":4,"84":4,"85":4,"86":4,"87":2,"88":0,"89":0,"90":0,"91":0,"92":0,"93":1,"94":0,"95":0,"96":0,"97":0,"98":0,"99":0,"100":0,"101":0,"102":0,"103":1,"104":5,"105":5,"106":0,"107":5,"108":5,"109":1,"110":4,"111":4,"112":1,"113":1},"f":{"0":1,"1":10,"2":1,"3":5,"4":0,"5":0,"6":2,"7":0,"8":6,"9":0,"10":5},"b":{"0":[10,10],"1":[2,8],"2":[10,2],"3":[10,2],"4":[2,8],"5":[4,0],"6":[1,0],"7":[0,0],"8":[0,0],"9":[5,5],"10":[0,7],"11":[0,7],"12":[7,0],"13":[4,3],"14":[2,1],"15":[3,0,3],"16":[0,0],"17":[0,0],"18":[0,0],"19":[0,0],"20":[0,0],"21":[0,0],"22":[0,6],"23":[6,6],"24":[6,12],"25":[6,6],"26":[4,4,4],"27":[4,0],"28":[4,4],"29":[0,0],"30":[0,0],"31":[0,0],"32":[0,0],"33":[0,0,0,0],"34":[0,0],"35":[0,5],"36":[1,4],"37":[1,0],"38":[1,1]},"_coverageSchema":"1a1c01bbd47fc00a2c39e90264f33305004495a9","hash":"8ff1396e8b01bd8ee4e7a4dd6ecddfd2fa1cfdb0"}
,"D:\\アプリ\\youtube要約\\youtube-hello-extension\\src\\domain\\markdown.js": {"path":"D:\\アプリ\\youtube要約\\youtube-hello-extension\\src\\domain\\markdown.js","statementMap":{"0":{"start":{"line":5,"column":0},"end":{"line":119,"column":5}},"1":{"start":{"line":9,"column":2},"end":{"line":14,"column":3}},"2":{"start":{"line":10,"column":4},"end":{"line":13,"column":7}},"3":{"start":{"line":17,"column":23},"end":{"line":22,"column":3}},"4":{"start":{"line":23,"column":23},"end":{"line":24,"column":66}},"5":{"start":{"line":29,"column":4},"end":{"line":34,"column":5}},"6":{"start":{"line":30,"column":6},"end":{"line":33,"column":9}},"7":{"start":{"line":36,"column":16},"end":{"line":36,"column":66}},"8":{"start":{"line":38,"column":6},"end":{"line":38,"column":59}},"9":{"start":{"line":38,"column":31},"end":{"line":38,"column":59}},"10":{"start":{"line":39,"column":6},"end":{"line":39,"column":43}},"11":{"start":{"line":39,"column":31},"end":{"line":39,"column":43}},"12":{"start":{"line":40,"column":18},"end":{"line":40,"column":44}},"13":{"start":{"line":41,"column":6},"end":{"line":43,"column":7}},"14":{"start":{"line":42,"column":8},"end":{"line":42,"column":57}},"15":{"start":{"line":44,"column":20},"end":{"line":44,"column":47}},"16":{"start":{"line":45,"column":6},"end":{"line":49,"column":7}},"17":{"start":{"line":46,"column":8},"end":{"line":48,"column":9}},"18":{"start":{"line":47,"column":10},"end":{"line":47,"column":73}},"19":{"start":{"line":47,"column":16},"end":{"line":47,"column":58}},"20":{"start":{"line":50,"column":6},"end":{"line":53,"column":7}},"21":{"start":{"line":50,"column":23},"end":{"line":50,"column":38}},"22":{"start":{"line":51,"column":24},"end":{"line":51,"column":35}},"23":{"start":{"line":52,"column":8},"end":{"line":52,"column":48}},"24":{"start":{"line":52,"column":21},"end":{"line":52,"column":48}},"25":{"start":{"line":54,"column":6},"end":{"line":54,"column":19}},"26":{"start":{"line":56,"column":17},"end":{"line":56,"column":50}},"27":{"start":{"line":57,"column":4},"end":{"line":60,"column":5}},"28":{"start":{"line":57,"column":21},"end":{"line":57,"column":40}},"29":{"start":{"line":58,"column":16},"end":{"line":58,"column":27}},"30":{"start":{"line":59,"column":6},"end":{"line":59,"column":33}},"31":{"start":{"line":59,"column":13},"end":{"line":59,"column":33}},"32":{"start":{"line":61,"column":4},"end":{"line":61,"column":16}},"33":{"start":{"line":66,"column":4},"end":{"line":66,"column":56}},"34":{"start":{"line":66,"column":15},"end":{"line":66,"column":56}},"35":{"start":{"line":67,"column":4},"end":{"line":86,"column":5}},"36":{"start":{"line":68,"column":22},"end":{"line":68,"column":40}},"37":{"start":{"line":69,"column":21},"end":{"line":69,"column":42}},"38":{"start":{"line":71,"column":6},"end":{"line":79,"column":7}},"39":{"start":{"line":72,"column":21},"end":{"line":72,"column":54}},"40":{"start":{"line":73,"column":21},"end":{"line":73,"column":50}},"41":{"start":{"line":74,"column":8},"end":{"line":74,"column":32}},"42":{"start":{"line":75,"column":8},"end":{"line":77,"column":9}},"43":{"start":{"line":76,"column":10},"end":{"line":76,"column":44}},"44":{"start":{"line":78,"column":8},"end":{"line":78,"column":20}},"45":{"start":{"line":80,"column":6},"end":{"line":80,"column":20}},"46":{"start":{"line":82,"column":6},"end":{"line":82,"column":53}},"47":{"start":{"line":83,"column":19},"end":{"line":83,"column":52}},"48":{"start":{"line":84,"column":6},"end":{"line":84,"column":54}},"49":{"start":{"line":85,"column":6},"end":{"line":85,"column":18}},"50":{"start":{"line":91,"column":4},"end":{"line":91,"column":20}},"51":{"start":{"line":91,"column":13},"end":{"line":91,"column":20}},"52":{"start":{"line":94,"column":25},"end":{"line":94,"column":44}},"53":{"start":{"line":95,"column":4},"end":{"line":95,"column":35}},"54":{"start":{"line":96,"column":4},"end":{"line":96,"column":22}},"55":{"start":{"line":97,"column":4},"end":{"line":97,"column":41}},"56":{"start":{"line":98,"column":4},"end":{"line":98,"column":41}},"57":{"start":{"line":103,"column":2},"end":{"line":106,"column":3}},"58":{"start":{"line":104,"column":4},"end":{"line":104,"column":43}},"59":{"start":{"line":105,"column":4},"end":{"line":105,"column":37}},"60":{"start":{"line":109,"column":2},"end":{"line":117,"column":3}},"61":{"start":{"line":110,"column":4},"end":{"line":116,"column":6}}},"fnMap":{"0":{"name":"(anonymous_0)","decl":{"start":{"line":5,"column":1},"end":{"line":5,"column":2}},"loc":{"start":{"line":5,"column":12},"end":{"line":119,"column":1}},"line":5},"1":{"name":"sanitizeHTML","decl":{"start":{"line":27,"column":11},"end":{"line":27,"column":23}},"loc":{"start":{"line":27,"column":30},"end":{"line":62,"column":3}},"line":27},"2":{"name":"walk","decl":{"start":{"line":37,"column":13},"end":{"line":37,"column":17}},"loc":{"start":{"line":37,"column":24},"end":{"line":55,"column":5}},"line":37},"3":{"name":"renderMarkdown","decl":{"start":{"line":65,"column":11},"end":{"line":65,"column":25}},"loc":{"start":{"line":65,"column":32},"end":{"line":87,"column":3}},"line":65},"4":{"name":"setMarkdown","decl":{"start":{"line":90,"column":11},"end":{"line":90,"column":22}},"loc":{"start":{"line":90,"column":33},"end":{"line":100,"column":3}},"line":90}},"branchMap":{"0":{"loc":{"start":{"line":9,"column":2},"end":{"line":14,"column":3}},"type":"if","locations":[{"start":{"line":9,"column":2},"end":{"line":14,"column":3}},{"start":{},"end":{}}],"line":9},"1":{"loc":{"start":{"line":29,"column":4},"end":{"line":34,"column":5}},"type":"if","locations":[{"start":{"line":29,"column":4},"end":{"line":34,"column":5}},{"start":{},"end":{}}],"line":29},"2":{"loc":{"start":{"line":29,"column":8},"end":{"line":29,"column":62}},"type":"binary-expr","locations":[{"start":{"line":29,"column":8},"end":{"line":29,"column":40}},{"start":{"line":29,"column":44},"end":{"line":29,"column":62}}],"line":29},"3":{"loc":{"start":{"line":38,"column":6},"end":{"line":38,"column":59}},"type":"if","locations":[{"start":{"line":38,"column":6},"end":{"line":38,"column":59}},{"start":{},"end":{}}],"line":38},"4":{"loc":{"start":{"line":39,"column":6},"end":{"line":39,"column":43}},"type":"if","locations":[{"start":{"line":39,"column":6},"end":{"line":39,"column":43}},{"start":{},"end":{}}],"line":39},"5":{"loc":{"start":{"line":41,"column":6},"end":{"line":43,"column":7}},"type":"if","locations":[{"start":{"line":41,"column":6},"end":{"line":43,"column":7}},{"start":{},"end":{}}],"line":41},"6":{"loc":{"start":{"line":46,"column":8},"end":{"line":48,"column":9}},"type":"if","locations":[{"start":{"line":46,"column":8},"end":{"line":48,"column":9}},{"start":{},"end":{}}],"line":46},"7":{"loc":{"start":{"line":46,"column":12},"end":{"line":46,"column":83}},"type":"binary-expr","locations":[{"start":{"line":46,"column":12},"end":{"line":46,"column":50}},{"start":{"line":46,"column":54},"end":{"line":46,"column":83}}],"line":46},"8":{"loc":{"start":{"line":52,"column":8},"end":{"line":52,"column":48}},"type":"if","locations":[{"start":{"line":52,"column":8},"end":{"line":52,"column":48}},{"start":{},"end":{}}],"line":52},"9":{"loc":{"start":{"line":59,"column":6},"end":{"line":59,"column":33}},"type":"if","locations":[{"start":{"line":59,"column":6},"end":{"line":59,"column":33}},{"start":{},"end":{}}],"line":59},"10":{"loc":{"start":{"line":66,"column":4},"end":{"line":66,"column":56}},"type":"if","locations":[{"start":{"line":66,"column":4},"end":{"line":66,"column":56}},{"start":{},"end":{}}],"line":66},"11":{"loc":{"start":{"line":71,"column":6},"end":{"line":79,"column":7}},"type":"if","locations":[{"start":{"line":71,"column":6},"end":{"line":79,"column":7}},{"start":{},"end":{}}],"line":71},"12":{"loc":{"start":{"line":91,"column":4},"end":{"line":91,"column":20}},"type":"if","locations":[{"start":{"line":91,"column":4},"end":{"line":91,"column":20}},{"start":{},"end":{}}],"line":91},"13":{"loc":{"start":{"line":103,"column":2},"end":{"line":106,"column":3}},"type":"if","locations":[{"start":{"line":103,"column":2},"end":{"line":106,"column":3}},{"start":{},"end":{}}],"line":103},"14":{"loc":{"start":{"line":109,"column":2},"end":{"line":117,"column":3}},"type":"if","locations":[{"start":{"line":109,"column":2},"end":{"line":117,"column":3}},{"start":{},"end":{}}],"line":109},"15":{"loc":{"start":{"line":109,"column":6},"end":{"line":109,"column":53}},"type":"binary-expr","locations":[{"start":{"line":109,"column":6},"end":{"line":109,"column":35}},{"start":{"line":109,"column":39},"end":{"line":109,"column":53}}],"line":109}},"s":{"0":1,"1":1,"2":0,"3":1,"4":1,"5":5,"6":0,"7":5,"8":11,"9":5,"10":6,"11":0,"12":6,"13":6,"14":0,"15":6,"16":6,"17":5,"18":2,"19":2,"20":6,"21":6,"22":5,"23":5,"24":5,"25":6,"26":5,"27":5,"28":5,"29":6,"30":6,"31":6,"32":5,"33":0,"34":0,"35":0,"36":0,"37":0,"38":0,"39":0,"40":0,"41":0,"42":0,"43":0,"44":0,"45":0,"46":0,"47":0,"48":0,"49":0,"50":0,"51":0,"52":0,"53":0,"54":0,"55":0,"56":0,"57":1,"58":1,"59":1,"60":1,"61":1},"f":{"0":1,"1":5,"2":11,"3":0,"4":0},"b":{"0":[0,1],"1":[0,5],"2":[5,0],"3":[5,6],"4":[0,6],"5":[0,6],"6":[2,3],"7":[5,2],"8":[5,0],"9":[6,0],"10":[0,0],"11":[0,0],"12":[0,0],"13":[1,0],"14":[1,0],"15":[1,1]},"_coverageSchema":"1a1c01bbd47fc00a2c39e90264f33305004495a9","hash":"bf0a8e592431205fecd03242a237dfa8fb1dcfca"}
,"D:\\アプリ\\youtube要約\\youtube-hello-extension\\src\\domain\\transcript-fetcher.js": {"path":"D:\\アプリ\\youtube要約\\youtube-hello-extension\\src\\domain\\transcript-fetcher.js","statementMap":{"0":{"start":{"line":6,"column":0},"end":{"line":6,"column":57}},"1":{"start":{"line":7,"column":0},"end":{"line":232,"column":5}},"2":{"start":{"line":8,"column":19},"end":{"line":8,"column":112}},"3":{"start":{"line":9,"column":19},"end":{"line":9,"column":151}},"4":{"start":{"line":10,"column":26},"end":{"line":10,"column":80}},"5":{"start":{"line":11,"column":26},"end":{"line":11,"column":88}},"6":{"start":{"line":12,"column":33},"end":{"line":12,"column":43}},"7":{"start":{"line":13,"column":29},"end":{"line":13,"column":113}},"8":{"start":{"line":16,"column":13},"end":{"line":16,"column":47}},"9":{"start":{"line":17,"column":4},"end":{"line":17,"column":24}},"10":{"start":{"line":18,"column":4},"end":{"line":18,"column":20}},"11":{"start":{"line":25,"column":4},"end":{"line":27,"column":5}},"12":{"start":{"line":26,"column":6},"end":{"line":26,"column":21}},"13":{"start":{"line":28,"column":18},"end":{"line":28,"column":43}},"14":{"start":{"line":29,"column":4},"end":{"line":31,"column":5}},"15":{"start":{"line":30,"column":6},"end":{"line":30,"column":24}},"16":{"start":{"line":32,"column":4},"end":{"line":32,"column":64}},"17":{"start":{"line":39,"column":13},"end":{"line":39,"column":50}},"18":{"start":{"line":40,"column":4},"end":{"line":40,"column":38}},"19":{"start":{"line":40,"column":26},"end":{"line":40,"column":38}},"20":{"start":{"line":41,"column":15},"end":{"line":41,"column":17}},"21":{"start":{"line":42,"column":4},"end":{"line":42,"column":32}},"22":{"start":{"line":43,"column":4},"end":{"line":43,"column":34}},"23":{"start":{"line":44,"column":4},"end":{"line":44,"column":54}},"24":{"start":{"line":45,"column":4},"end":{"line":45,"column":48}},"25":{"start":{"line":46,"column":4},"end":{"line":46,"column":40}},"26":{"start":{"line":47,"column":4},"end":{"line":51,"column":5}},"27":{"start":{"line":48,"column":6},"end":{"line":48,"column":58}},"28":{"start":{"line":50,"column":6},"end":{"line":50,"column":25}},"29":{"start":{"line":52,"column":4},"end":{"line":52,"column":16}},"30":{"start":{"line":58,"column":2},"end":{"line":159,"column":4}},"31":{"start":{"line":59,"column":17},"end":{"line":59,"column":56}},"32":{"start":{"line":60,"column":20},"end":{"line":60,"column":24}},"33":{"start":{"line":62,"column":4},"end":{"line":156,"column":5}},"34":{"start":{"line":63,"column":16},"end":{"line":63,"column":36}},"35":{"start":{"line":64,"column":20},"end":{"line":64,"column":40}},"36":{"start":{"line":67,"column":27},"end":{"line":67,"column":31}},"37":{"start":{"line":68,"column":6},"end":{"line":99,"column":7}},"38":{"start":{"line":69,"column":28},"end":{"line":77,"column":10}},"39":{"start":{"line":79,"column":28},"end":{"line":86,"column":10}},"40":{"start":{"line":88,"column":8},"end":{"line":96,"column":9}},"41":{"start":{"line":89,"column":30},"end":{"line":89,"column":56}},"42":{"start":{"line":91,"column":10},"end":{"line":91,"column":70}},"43":{"start":{"line":91,"column":26},"end":{"line":91,"column":70}},"44":{"start":{"line":92,"column":30},"end":{"line":92,"column":101}},"45":{"start":{"line":93,"column":10},"end":{"line":95,"column":11}},"46":{"start":{"line":94,"column":12},"end":{"line":94,"column":93}},"47":{"start":{"line":98,"column":8},"end":{"line":98,"column":54}},"48":{"start":{"line":102,"column":6},"end":{"line":131,"column":7}},"49":{"start":{"line":103,"column":23},"end":{"line":105,"column":10}},"50":{"start":{"line":106,"column":23},"end":{"line":106,"column":44}},"51":{"start":{"line":109,"column":25},"end":{"line":109,"column":57}},"52":{"start":{"line":110,"column":23},"end":{"line":110,"column":51}},"53":{"start":{"line":111,"column":8},"end":{"line":130,"column":9}},"54":{"start":{"line":112,"column":26},"end":{"line":112,"column":54}},"55":{"start":{"line":113,"column":22},"end":{"line":113,"column":23}},"56":{"start":{"line":114,"column":10},"end":{"line":129,"column":11}},"57":{"start":{"line":114,"column":23},"end":{"line":114,"column":32}},"58":{"start":{"line":115,"column":12},"end":{"line":128,"column":13}},"59":{"start":{"line":115,"column":37},"end":{"line":115,"column":45}},"60":{"start":{"line":116,"column":17},"end":{"line":128,"column":13}},"61":{"start":{"line":117,"column":14},"end":{"line":117,"column":22}},"62":{"start":{"line":118,"column":14},"end":{"line":127,"column":15}},"63":{"start":{"line":119,"column":25},"end":{"line":119,"column":69}},"64":{"start":{"line":121,"column":16},"end":{"line":121,"column":65}},"65":{"start":{"line":121,"column":32},"end":{"line":121,"column":65}},"66":{"start":{"line":122,"column":29},"end":{"line":122,"column":89}},"67":{"start":{"line":123,"column":16},"end":{"line":125,"column":17}},"68":{"start":{"line":124,"column":18},"end":{"line":124,"column":92}},"69":{"start":{"line":126,"column":16},"end":{"line":126,"column":22}},"70":{"start":{"line":133,"column":6},"end":{"line":141,"column":7}},"71":{"start":{"line":134,"column":20},"end":{"line":134,"column":77}},"72":{"start":{"line":134,"column":57},"end":{"line":134,"column":74}},"73":{"start":{"line":135,"column":8},"end":{"line":135,"column":34}},"74":{"start":{"line":136,"column":8},"end":{"line":136,"column":27}},"75":{"start":{"line":138,"column":8},"end":{"line":140,"column":11}},"76":{"start":{"line":139,"column":10},"end":{"line":139,"column":100}},"77":{"start":{"line":144,"column":6},"end":{"line":147,"column":9}},"78":{"start":{"line":145,"column":16},"end":{"line":145,"column":45}},"79":{"start":{"line":146,"column":8},"end":{"line":146,"column":37}},"80":{"start":{"line":146,"column":15},"end":{"line":146,"column":37}},"81":{"start":{"line":149,"column":19},"end":{"line":149,"column":71}},"82":{"start":{"line":150,"column":6},"end":{"line":150,"column":38}},"83":{"start":{"line":153,"column":6},"end":{"line":153,"column":30}},"84":{"start":{"line":155,"column":6},"end":{"line":155,"column":83}},"85":{"start":{"line":158,"column":4},"end":{"line":158,"column":18}},"86":{"start":{"line":165,"column":16},"end":{"line":165,"column":32}},"87":{"start":{"line":166,"column":4},"end":{"line":169,"column":5}},"88":{"start":{"line":167,"column":18},"end":{"line":167,"column":93}},"89":{"start":{"line":167,"column":52},"end":{"line":167,"column":90}},"90":{"start":{"line":168,"column":6},"end":{"line":168,"column":31}},"91":{"start":{"line":168,"column":17},"end":{"line":168,"column":31}},"92":{"start":{"line":171,"column":24},"end":{"line":171,"column":37}},"93":{"start":{"line":172,"column":15},"end":{"line":174,"column":6}},"94":{"start":{"line":175,"column":4},"end":{"line":175,"column":30}},"95":{"start":{"line":175,"column":18},"end":{"line":175,"column":30}},"96":{"start":{"line":177,"column":14},"end":{"line":177,"column":31}},"97":{"start":{"line":178,"column":4},"end":{"line":178,"column":55}},"98":{"start":{"line":185,"column":18},"end":{"line":185,"column":20}},"99":{"start":{"line":188,"column":17},"end":{"line":188,"column":67}},"100":{"start":{"line":190,"column":4},"end":{"line":208,"column":5}},"101":{"start":{"line":191,"column":20},"end":{"line":191,"column":42}},"102":{"start":{"line":192,"column":18},"end":{"line":192,"column":40}},"103":{"start":{"line":193,"column":18},"end":{"line":193,"column":26}},"104":{"start":{"line":194,"column":17},"end":{"line":194,"column":19}},"105":{"start":{"line":196,"column":19},"end":{"line":196,"column":42}},"106":{"start":{"line":198,"column":6},"end":{"line":200,"column":7}},"107":{"start":{"line":199,"column":8},"end":{"line":199,"column":26}},"108":{"start":{"line":201,"column":6},"end":{"line":203,"column":7}},"109":{"start":{"line":202,"column":8},"end":{"line":202,"column":45}},"110":{"start":{"line":204,"column":6},"end":{"line":204,"column":41}},"111":{"start":{"line":205,"column":6},"end":{"line":207,"column":7}},"112":{"start":{"line":206,"column":8},"end":{"line":206,"column":83}},"113":{"start":{"line":210,"column":4},"end":{"line":210,"column":43}},"114":{"start":{"line":210,"column":28},"end":{"line":210,"column":43}},"115":{"start":{"line":213,"column":25},"end":{"line":213,"column":79}},"116":{"start":{"line":214,"column":4},"end":{"line":221,"column":7}},"117":{"start":{"line":215,"column":6},"end":{"line":220,"column":8}},"118":{"start":{"line":225,"column":2},"end":{"line":231,"column":3}},"119":{"start":
[...]
,"column":29}},"loc":{"start":{"line":115,"column":32},"end":{"line":117,"column":3}},"line":115},"15":{"name":"applyFontSize","decl":{"start":{"line":119,"column":17},"end":{"line":119,"column":30}},"loc":{"start":{"line":119,"column":33},"end":{"line":123,"column":3}},"line":119},"16":{"name":"saveToStorage","decl":{"start":{"line":125,"column":17},"end":{"line":125,"column":30}},"loc":{"start":{"line":125,"column":50},"end":{"line":127,"column":3}},"line":125},"17":{"name":"saveSummaryCache","decl":{"start":{"line":129,"column":17},"end":{"line":129,"column":33}},"loc":{"start":{"line":129,"column":49},"end":{"line":132,"column":3}},"line":129},"18":{"name":"loadSummaryCache","decl":{"start":{"line":134,"column":17},"end":{"line":134,"column":33}},"loc":{"start":{"line":134,"column":43},"end":{"line":143,"column":3}},"line":134},"19":{"name":"clearSummaryCache","decl":{"start":{"line":145,"column":17},"end":{"line":145,"column":34}},"loc":{"start":{"line":145,"column":44},"end":{"line":148,"column":3}},"line":145},"20":{"name":"loadThemeSetting","decl":{"start":{"line":150,"column":17},"end":{"line":150,"column":33}},"loc":{"start":{"line":150,"column":36},"end":{"line":152,"column":3}},"line":150},"21":{"name":"applyTheme","decl":{"start":{"line":154,"column":17},"end":{"line":154,"column":27}},"loc":{"start":{"line":154,"column":30},"end":{"line":159,"column":3}},"line":154}},"branchMap":{"0":{"loc":{"start":{"line":27,"column":16},"end":{"line":27,"column":61}},"type":"binary-expr","locations":[{"start":{"line":27,"column":16},"end":{"line":27,"column":22}},{"start":{"line":27,"column":26},"end":{"line":27,"column":40}},{"start":{"line":27,"column":44},"end":{"line":27,"column":61}}],"line":27},"1":{"loc":{"start":{"line":36,"column":6},"end":{"line":36,"column":50}},"type":"if","locations":[{"start":{"line":36,"column":6},"end":{"line":36,"column":50}},{"start":{},"end":{}}],"line":36},"2":{"loc":{"start":{"line":40,"column":6},"end":{"line":43,"column":7}},"type":"if","locations":[{"start":{"line":40,"column":6},"end":{"line":43,"column":7}},{"start":{},"end":{}}],"line":40},"3":{"loc":{"start":{"line":40,"column":10},"end":{"line":40,"column":70}},"type":"binary-expr","locations":[{"start":{"line":40,"column":10},"end":{"line":40,"column":19}},{"start":{"line":40,"column":23},"end":{"line":40,"column":70}}],"line":40},"4":{"loc":{"start":{"line":49,"column":6},"end":{"line":49,"column":45}},"type":"if","locations":[{"start":{"line":49,"column":6},"end":{"line":49,"column":45}},{"start":{},"end":{}}],"line":49},"5":{"loc":{"start":{"line":52,"column":6},"end":{"line":55,"column":7}},"type":"if","locations":[{"start":{"line":52,"column":6},"end":{"line":55,"column":7}},{"start":{},"end":{}}],"line":52},"6":{"loc":{"start":{"line":52,"column":10},"end":{"line":52,"column":70}},"type":"binary-expr","locations":[{"start":{"line":52,"column":10},"end":{"line":52,"column":19}},{"start":{"line":52,"column":23},"end":{"line":52,"column":70}}],"line":52},"7":{"loc":{"start":{"line":61,"column":6},"end":{"line":61,"column":45}},"type":"if","locations":[{"start":{"line":61,"column":6},"end":{"line":61,"column":45}},{"start":{},"end":{}}],"line":61},"8":{"loc":{"start":{"line":64,"column":6},"end":{"line":67,"column":7}},"type":"if","locations":[{"start":{"line":64,"column":6},"end":{"line":67,"column":7}},{"start":{},"end":{}}],"line":64},"9":{"loc":{"start":{"line":64,"column":10},"end":{"line":64,"column":70}},"type":"binary-expr","locations":[{"start":{"line":64,"column":10},"end":{"line":64,"column":19}},{"start":{"line":64,"column":23},"end":{"line":64,"column":70}}],"line":64},"10":{"loc":{"start":{"line":74,"column":11},"end":{"line":74,"column":43}},"type":"binary-expr","locations":[{"start":{"line":74,"column":12},"end":{"line":74,"column":36}},{"start":{"line":74,"column":41},"end":{"line":74,"column":43}}],"line":74},"11":{"loc":{"start":{"line":79,"column":11},"end":{"line":79,"column":69}},"type":"binary-expr","locations":[{"start":{"line":79,"column":11},"end":{"line":79,"column":61}},{"start":{"line":79,"column":65},"end":{"line":79,"column":69}}],"line":79},"12":{"loc":{"start":{"line":83,"column":11},"end":{"line":83,"column":51}},"type":"binary-expr","locations":[{"start":{"line":83,"column":12},"end":{"line":83,"column":42}},{"start":{"line":83,"column":47},"end":{"line":83,"column":51}}],"line":83},"13":{"loc":{"start":{"line":87,"column":11},"end":{"line":87,"column":52}},"type":"binary-expr","locations":[{"start":{"line":87,"column":12},"end":{"line":87,"column":45}},{"start":{"line":87,"column":50},"end":{"line":87,"column":52}}],"line":87},"14":{"loc":{"start":{"line":91,"column":4},"end":{"line":100,"column":5}},"type":"switch","locations":[{"start":{"line":92,"column":6},"end":{"line":93,"column":72}},{"start":{"line":94,"column":6},"end":{"line":95,"column":73}},{"start":{"line":96,"column":6},"end":{"line":97,"column":75}},{"start":{"line":98,"column":6},"end":{"line":99,"column":18}}],"line":91},"15":{"loc":{"start":{"line":104,"column":11},"end":{"line":104,"column":56}},"type":"binary-expr","locations":[{"start":{"line":104,"column":12},"end":{"line":104,"column":47}},{"start":{"line":104,"column":52},"end":{"line":104,"column":56}}],"line":104},"16":{"loc":{"start":{"line":108,"column":11},"end":{"line":108,"column":54}},"type":"binary-expr","locations":[{"start":{"line":108,"column":12},"end":{"line":108,"column":45}},{"start":{"line":108,"column":50},"end":{"line":108,"column":54}}],"line":108},"17":{"loc":{"start":{"line":112,"column":11},"end":{"line":112,"column":49}},"type":"binary-expr","locations":[{"start":{"line":112,"column":12},"end":{"line":112,"column":38}},{"start":{"line":112,"column":43},"end":{"line":112,"column":49}}],"line":112},"18":{"loc":{"start":{"line":116,"column":11},"end":{"line":116,"column":43}},"type":"binary-expr","locations":[{"start":{"line":116,"column":12},"end":{"line":116,"column":34}},{"start":{"line":116,"column":39},"end":{"line":116,"column":43}}],"line":116},"19":{"loc":{"start":{"line":122,"column":4},"end":{"line":122,"column":57}},"type":"if","locations":[{"start":{"line":122,"column":4},"end":{"line":122,"column":57}},{"start":{},"end":{}}],"line":122},"20":{"loc":{"start":{"line":137,"column":4},"end":{"line":137,"column":27}},"type":"if","locations":[{"start":{"line":137,"column":4},"end":{"line":137,"column":27}},{"start":{},"end":{}}],"line":137},"21":{"loc":{"start":{"line":138,"column":4},"end":{"line":141,"column":5}},"type":"if","locations":[{"start":{"line":138,"column":4},"end":{"line":141,"column":5}},{"start":{},"end":{}}],"line":138},"22":{"loc":{"start":{"line":151,"column":11},"end":{"line":151,"column":41}},"type":"binary-expr","locations":[{"start":{"line":151,"column":12},"end":{"line":151,"column":30}},{"start":{"line":151,"column":35},"end":{"line":151,"column":41}}],"line":151},"23":{"loc":{"start":{"line":156,"column":19},"end":{"line":156,"column":139}},"type":"binary-expr","locations":[{"start":{"line":156,"column":19},"end":{"line":156,"column":35}},{"start":{"line":156,"column":40},"end":{"line":156,"column":56}},{"start":{"line":156,"column":60},"end":{"line":156,"column":77}},{"start":{"line":156,"column":81},"end":{"line":156,"column":138}}],"line":156},"24":{"loc":{"start":{"line":158,"column":4},"end":{"line":158,"column":73}},"type":"if","locations":[{"start":{"line":158,"column":4},"end":{"line":158,"column":73}},{"start":{},"end":{}}],"line":158},"25":{"loc":{"start":{"line":158,"column":46},"end":{"line":158,"column":71}},"type":"cond-expr","locations":[{"start":{"line":158,"column":55},"end":{"line":158,"column":61}},{"start":{"line":158,"column":64},"end":{"line":158,"column":71}}],"line":158}},"s":{"0":2,"1":2,"2":28,"3":28,"4":0,"5":24,"6":24,"7":24,"8":0,"9":0,"10":0,"11":0,"12":0,"13":0,"14":4,"15":4,"16":4,"17":0,"18":0,"19":0,"20":0,"21":0,"22":0,"23":0,"24":0,"25":0,"26":0,"27":0,"28":0,"29":0,"30":10,"31":2,"32":2,"33":0,"34":3,"35":2,"36":4,"37":1,"38":1,"39":1,"40":1,"41":0,"42":6,"43":2,"44":1,"45":0,"46":0,"47":0,"48":0,"49":4,"50":0,"51":0,"52":0,"53":0,"54":0,"55":0,"56":0,"57":0,"58":0,"59":0,"60":0,"61":0,"62":0,"63":0,"64":0,"65":0,"66":0,"67":0,"68":2,"69":2,"70":2,"71":2,"72":2,"73":2,"74":2,"75":2,"76":2,"77":2,"78":2,"79":2,"80":2,"81":2,"82":2,"83":2,"84":2},"f":{"0":2,"1":28,"2":24,"3":4,"4":0,"5":10,"6":2,"7":0,"8":3,"9":2,"10":4,"11":0,"12":6,"13":2,"14":1,"15":0,"16":4,"17":0,"18":0,"19":0,"20":0,"21":0},"b":{"0":[28,28,0],"1":[24,0],"2":[0,0],"3":[0,0],"4":[4,0],"5":[0,0],"6":[0,0],"7":[0,0],"8":[0,0],"9":[0,0],"10":[10,10],"11":[2,2],"12":[3,3],"13":[2,2],"14":[1,1,1,1],"15":[0,0],"16":[6,6],"17":[2,2],"18":[1,1],"19":[0,0],"20":[0,0],"21":[0,0],"22":[0,0],"23":[0,0,0,0],"24":[0,0],"25":[0,0]},"_coverageSchema":"1a1c01bbd47fc00a2c39e90264f33305004495a9","hash":"a20c3f12625a707592ce86faf689466514664d8c"}
,"D:\\アプリ\\youtube要約\\youtube-hello-extension\\src\\shared\\utils.js": {"path":"D:\\アプリ\\youtube要約\\youtube-hello-extension\\src\\shared\\utils.js","statementMap":{"0":{"start":{"line":9,"column":2},"end":{"line":9,"column":22}},"1":{"start":{"line":9,"column":13},"end":{"line":9,"column":22}},"2":{"start":{"line":10,"column":16},"end":{"line":10,"column":17}},"3":{"start":{"line":11,"column":16},"end":{"line":11,"column":17}},"4":{"start":{"line":12,"column":19},"end":{"line":12,"column":20}},"5":{"start":{"line":13,"column":2},"end":{"line":22,"column":3}},"6":{"start":{"line":13,"column":15},"end":{"line":13,"column":16}},"7":{"start":{"line":14,"column":17},"end":{"line":14,"column":35}},"8":{"start":{"line":15,"column":4},"end":{"line":21,"column":5}},"9":{"start":{"line":16,"column":6},"end":{"line":16,"column":16}},"10":{"start":{"line":17,"column":11},"end":{"line":21,"column":5}},"11":{"start":{"line":18,"column":6},"end":{"line":18,"column":16}},"12":{"start":{"line":20,"column":6},"end":{"line":20,"column":19}},"13":{"start":{"line":23,"column":2},"end":{"line":23,"column":61}},"14":{"start":{"line":28,"column":15},"end":{"line":28,"column":46}},"15":{"start":{"line":29,"column":2},"end":{"line":29,"column":89}},"16":{"start":{"line":29,"column":75},"end":{"line":29,"column":89}},"17":{"start":{"line":30,"column":2},"end":{"line":30,"column":48}},"18":{"start":{"line":30,"column":36},"end":{"line":30,"column":48}},"19":{"start":{"line":31,"column":2},"end":{"line":31,"column":51}},"20":{"start":{"line":31,"column":38},"end":{"line":31,"column":51}},"21":{"start":{"line":32,"column":2},"end":{"line":32,"column":90}},"22":{"start":{"line":32,"column":76},"end":{"line":32,"column":90}},"23":{"start":{"line":33,"column":2},"end":{"line":33,"column":54}},"24":{"start":{"line":33,"column":39},"end":{"line":33,"column":54}},"25":{"start":{"line":34,"column":2},"end":{"line":34,"column":52}},"26":{"start":{"line":34,"column":37},"end":{"line":34,"column":52}},"27":{"start":{"line":35,"column":2},"end":{"line":35,"column":52}},"28":{"start":{"line":35,"column":38},"end":{"line":35,"column":52}},"29":{"start":{"line":36,"column":2},"end":{"line":36,"column":15}},"30":{"start":{"line":41,"column":24},"end":{"line":41,"column":56}},"31":{"start":{"line":42,"column":2},"end":{"line":42,"column":41}},"32":{"start":{"line":47,"column":2},"end":{"line":47,"column":23}},"33":{"start":{"line":47,"column":13},"end":{"line":47,"column":23}},"34":{"start":{"line":48,"column":16},"end":{"line":48,"column":32}},"35":{"start":{"line":49,"column":17},"end":{"line":49,"column":19}},"36":{"start":{"line":50,"column":16},"end":{"line":50,"column":18}},"37":{"start":{"line":51,"column":22},"end":{"line":51,"column":23}},"38":{"start":{"line":53,"column":2},"end":{"line":64,"column":3}},"39":{"start":{"line":53,"column":15},"end":{"line":53,"column":16}},"40":{"start":{"line":54,"column":17},"end":{"line":54,"column":25}},"41":{"start":{"line":55,"column":23},"end":{"line":55,"column":47}},"42":{"start":{"line":56,"column":4},"end":{"line":63,"column":5}},"43":{"start":{"line":57,"column":6},"end":{"line":57,"column":38}},"44":{"start":{"line":58,"column":6},"end":{"line":58,"column":23}},"45":{"start":{"line":59,"column":6},"end":{"line":59,"column":33}},"46":{"start":{"line":61,"column":6},"end":{"line":61,"column":25}},"47":{"start":{"line":62,"column":6},"end":{"line":62,"column":34}},"48":{"start":{"line":65,"column":2},"end":{"line":67,"column":3}},"49":{"start":{"line":66,"column":4},"end":{"line":66,"column":36}},"50":{"start":{"line":68,"column":2},"end":{"line":68,"column":16}},"51":{"start":{"line":72,"column":0},"end":{"line":77,"column":1}},"52":{"start":{"line":73,"column":2},"end":{"line":73,"column":41}},"53":{"start":{"line":74,"column":2},"end":{"line":74,"column":55}},"54":{"start":{"line":75,"column":2},"end":{"line":75,"column":49}},"55":{"start":{"line":76,"column":2},"end":{"line":76,"column":43}},"56":{"start":{"line":80,"column":0},"end":{"line":87,"column":1}},"57":{"start":{"line":81,"column":2},"end":{"line":86,"column":4}}},"fnMap":{"0":{"name":"estimateTokens","decl":{"start":{"line":8,"column":9},"end":{"line":8,"column":23}},"loc":{"start":{"line":8,"column":30},"end":{"line":24,"column":1}},"line":8},"1":{"name":"getModelContextWindow","decl":{"start":{"line":27,"column":9},"end":{"line":27,"column":30}},"loc":{"start":{"line":27,"column":42},"end":{"line":37,"column":1}},"line":27},"2":{"name":"getAvailableTokens","decl":{"start":{"line":40,"column":9},"end":{"line":40,"column":27}},"loc":{"start":{"line":40,"column":45},"end":{"line":43,"column":1}},"line":40},"3":{"name":"splitIntoChunks","decl":{"start":{"line":46,"column":9},"end":{"line":46,"column":24}},"loc":{"start":{"line":46,"column":42},"end":{"line":69,"column":1}},"line":46}},"branchMap":{"0":{"loc":{"start":{"line":9,"column":2},"end":{"line":9,"column":22}},"type":"if","locations":[{"start":{"line":9,"column":2},"end":{"line":9,"column":22}},{"start":{},"end":{}}],"line":9},"1":{"loc":{"start":{"line":15,"column":4},"end":{"line":21,"column":5}},"type":"if","locations":[{"start":{"line":15,"column":4},"end":{"line":21,"column":5}},{"start":{"line":17,"column":11},"end":{"line":21,"column":5}}],"line":15},"2":{"loc":{"start":{"line":15,"column":8},"end":{"line":15,"column":120}},"type":"binary-expr","locations":[{"start":{"line":15,"column":9},"end":{"line":15,"column":23}},{"start":{"line":15,"column":27},"end":{"line":15,"column":41}},{"start":{"line":15,"column":47},"end":{"line":15,"column":61}},{"start":{"line":15,"column":65},"end":{"line":15,"column":79}},{"start":{"line":15,"column":85},"end":{"line":15,"column":100}},{"start":{"line":15,"column":104},"end":{"line":15,"column":119}}],"line":15},"3":{"loc":{"start":{"line":17,"column":11},"end":{"line":21,"column":5}},"type":"if","locations":[{"start":{"line":17,"column":11},"end":{"line":21,"column":5}},{"start":{"line":19,"column":11},"end":{"line":21,"column":5}}],"line":17},"4":{"loc":{"start":{"line":17,"column":15},"end":{"line":17,"column":130}},"type":"binary-expr","locations":[{"start":{"line":17,"column":16},"end":{"line":17,"column":28}},{"start":{"line":17,"column":32},"end":{"line":17,"column":44}},{"start":{"line":17,"column":50},"end":{"line":17,"column":62}},{"start":{"line":17,"column":66},"end":{"line":17,"column":78}},{"start":{"line":17,"column":83},"end":{"line":17,"column":96}},{"start":{"line":17,"column":100},"end":{"line":17,"column":113}},{"start":{"line":17,"column":117},"end":{"line":17,"column":130}}],"line":17},"5":{"loc":{"start":{"line":28,"column":16},"end":{"line":28,"column":31}},"type":"binary-expr","locations":[{"start":{"line":28,"column":16},"end":{"line":28,"column":25}},{"start":{"line":28,"column":29},"end":{"line":28,"column":31}}],"line":28},"6":{"loc":{"start":{"line":29,"column":2},"end":{"line":29,"column":89}},"type":"if","locations":[{"start":{"line":29,"column":2},"end":{"line":29,"column":89}},{"start":{},"end":{}}],"line":29},"7":{"loc":{"start":{"line":29,"column":6},"end":{"line":29,"column":73}},"type":"binary-expr","locations":[{"start":{"line":29,"column":6},"end":{"line":29,"column":35}},{"start":{"line":29,"column":39},"end":{"line":29,"column":73}}],"line":29},"8":{"loc":{"start":{"line":30,"column":2},"end":{"line":30,"column":48}},"type":"if","locations":[{"start":{"line":30,"column":2},"end":{"line":30,"column":48}},{"start":{},"end":{}}],"line":30},"9":{"loc":{"start":{"line":31,"column":2},"end":{"line":31,"column":51}},"type":"if","locations":[{"start":{"line":31,"column":2},"end":{"line":31,"column":51}},{"start":{},"end":{}}],"line":31},"10":{"loc":{"start":{"line":32,"column":2},"end":{"line":32,"column":90}},"type":"if","locations":[{"start":{"line":32,"column":2},"end":{"line":32,"column":90}},{"start":{},"end":{}}],"line":32},"11":{"loc":{"start":{"line":32,"column":6},"end":{"line":32,"column":74}},"type":"binary-expr","locations":[{"start":{"line":32,"column":6},"end":{"line":32,"column":39}},{"start":{"line":32,"column":43},"end":{"line":32,"column":74}}],"line":32},"12":{"loc":{"start":{"line":33,"column":2},"end":{"line":33,"column":54}},"type":"if","locations":[{"start":{"line":33,"column":2},"end":{"line":33,"column":54}},{"start":{},"end":{}}],"line":33},"13":{"loc":{"start":{"line":34,"column":2},"end":{"line":34,"column":52}},"type":"if","locations":[{"start":{"line":34,"column":2},"end":{"line":34,"column":52}},{"start":{},"end":{}}],"line":34},"14":{"loc":{"start":{"line":35,"column":2},"end":{"line":35,"column":52}},"type":"if","locations":[{"start":{"line":35,"column":2},"end":{"line":35,"column":52}},{"start":{},"end":{}}],"line":35},"15":{"loc":{"start":{"line":47,"column":2},"end":{"line":47,"column":23}},"type":"if","locations":[{"start":{"line":47,"column":2},"end":{"line":47,"column":23}},{"start":{},"end":{}}],"line":47},"16":{"loc":{"start":{"line":56,"column":4},"end":{"line":63,"column":5}},"type":"if","locations":[{"start":{"line":56,"column":4},"end":{"line":63,"column":5}},{"start":{"line":60,"column":11},"end":{"line":63,"column":5}}],"line":56},"17":{"loc":{"start":{"line":56,"column":8},"end":{"line":56,"column":68}},"type":"binary-expr","locations":[{"start":{"line":56,"column":8},"end":{"line":56,"column":46}},{"start":{"line":56,"column":50},"end":{"line":56,"column":68}}],"line":56},"18":{"loc":{"start":{"line":65,"column":2},"end":{"line":67,"column":3}},"type":"if","locations":[{"start":{"line":65,"column":2},"end":{"line":67,"column":3}},{"start":{},"end":{}}],"line":65},"19":{"loc":{"start":{"line":72,"column":0},"end":{"line":77,"column":1}},"type":"if","locations":[{"start":{"line":72,"column":0},"end":{"line":77,"column":1}},{"start":{},"end":{}}],"line":72},"20":{"loc":{"start":{"line":80,"column":0},"end":{"line":87,"column":1}},"type":"if","locations":[{"start":{"line":80,"column":0},"end":{"line":87,"column":1}},{"start":{},"end":{}}],"line":80},"21":{"loc":{"start":{"line":80,"column":4},"end":{"line":80,"column":51}},"type":"binary-expr","locations":[{"start":{"line":80,"column":4},"end":{"line":80,"column":33}},{"start":{"line":80,"column":37},"end":{"line":80,"column":51}}],"line":80}},"s":{"0":89,"1":3,"2":86,"3":86,"4":86,"5":86,"6":86,"7":679,"8":679,"9":615,"10":64,"11":64,"12":0,"13":86,"14":11,"15":11,"16":3,"17":8,"18":0,"19":8,"20":0,"21":8,"22":1,"23":7,"24":3,"25":4,"26":1,"27":3,"28":0,"29":3,"30":2,"31":2,"32":4,"33":1,"34":3,"35":3,"36":3,"37":3,"38":3,"39":3,"40":57,"41":57,"42":57,"43":25,"44":25,"45":25,"46":32,"47":32,"48":3,"49":3,"50":3,"51":2,"52":2,"53":2,"54":2,"55":2,"56":2,"57":2},"f":{"0":89,"1":11,"2":2,"3":4},"b":{"0":[3,86],"1":[615,64],"2":[679,615,64,0,64,0],"3":[64,0],"4":[64,31,64,31,33,27,0],"5":[11,2],"6":[3,8],"7":[11,8],"8":[0,8],"9":[0,8],"10":[1,7],"11":[8,7],"12":[3,4],"13":[1,3],"14":[0,3],"15":[1,3],"16":[25,32],"17":[57,25],"18":[3,0],"19":[2,0],"20":[2,0],"21":[2,2]},"_coverageSchema":"1a1c01bbd47fc00a2c39e90264f33305004495a9","hash":"62ac9c42fdde01766331aa42fb87b3d14a2c8e7a"}
}
