TN:
SF:src\domain\ai.js
FN:6,(anonymous_0)
FN:12,formatTranscriptWithTimestamps
FN:14,(anonymous_2)
FN:29,linkTimestamps
FN:56,(anonymous_4)
FN:57,(anonymous_5)
FN:73,resolveApiConfig
FN:87,abortCurrentStream
FN:95,showError
FN:100,finalizeResult
FN:143,createTimeoutPromise
FN:144,(anonymous_11)
FN:145,(anonymous_12)
FN:152,fetchTranscriptWithTimeout
FN:164,resolveTranscriptText
FN:173,buildMetaContext
FN:197,fetchConfigAndPrompt
FN:210,processSingleStream
FN:214,(anonymous_18)
FN:218,(anonymous_19)
FN:229,processSingleChunk
FN:241,(anonymous_21)
FN:253,processMapReduce
FN:260,worker
FN:289,(anonymous_24)
FN:295,(anonymous_25)
FN:312,(anonymous_26)
FN:316,(anonymous_27)
FN:328,callAI
FNF:29
FNH:11
FNDA:1,(anonymous_0)
FNDA:6,formatTranscriptWithTimestamps
FNDA:7,(anonymous_2)
FNDA:0,linkTimestamps
FNDA:0,(anonymous_4)
FNDA:0,(anonymous_5)
FNDA:6,resolveApiConfig
FNDA:2,abortCurrentStream
FNDA:0,showError
FNDA:3,finalizeResult
FNDA:1,createTimeoutPromise
FNDA:1,(anonymous_11)
FNDA:1,(anonymous_12)
FNDA:0,fetchTranscriptWithTimeout
FNDA:0,resolveTranscriptText
FNDA:6,buildMetaContext
FNDA:3,fetchConfigAndPrompt
FNDA:0,processSingleStream
FNDA:0,(anonymous_18)
FNDA:0,(anonymous_19)
FNDA:0,processSingleChunk
FNDA:0,(anonymous_21)
FNDA:0,processMapReduce
FNDA:0,worker
FNDA:0,(anonymous_24)
FNDA:0,(anonymous_25)
FNDA:0,(anonymous_26)
FNDA:0,(anonymous_27)
FNDA:0,callAI
DA:6,1
DA:9,1
DA:13,6
DA:14,3
DA:15,7
DA:16,7
DA:17,5
DA:18,5
DA:19,5
DA:20,5
DA:21,5
DA:22,5
DA:24,2
DA:30,0
DA:31,0
DA:32,0
DA:33,0
DA:34,0
DA:35,0
DA:36,0
DA:39,0
DA:40,0
DA:41,0
DA:42,0
DA:43,0
DA:44,0
DA:45,0
DA:46,0
DA:47,0
DA:48,0
DA:49,0
DA:50,0
DA:51,0
DA:52,0
DA:53,0
DA:54,0
DA:55,0
DA:56,0
DA:57,0
DA:58,0
DA:59,0
DA:60,0
DA:63,0
DA:64,0
DA:65,0
DA:68,0
DA:74,6
DA:75,6
DA:76,0
DA:77,0
DA:79,6
DA:80,6
DA:81,0
DA:83,6
DA:88,2
DA:89,1
DA:90,1
DA:96,0
DA:101,3
DA:102,3
DA:103,3
DA:104,3
DA:105,3
DA:106,3
DA:112,3
DA:113,2
DA:114,2
DA:115,2
DA:116,2
DA:117,2
DA:118,2
DA:119,2
DA:120,2
DA:122,3
DA:123,3
DA:125,3
DA:127,3
DA:128,3
DA:129,3
DA:130,3
DA:131,0
DA:138,0
DA:144,1
DA:145,1
DA:146,1
DA:153,0
DA:154,0
DA:155,0
DA:160,0
DA:165,0
DA:166,0
DA:168,0
DA:174,6
DA:175,4
DA:176,4
DA:177,4
DA:178,4
DA:179,4
DA:180,4
DA:181,2
DA:182,2
DA:184,4
DA:185,4
DA:186,2
DA:187,2
DA:188,2
DA:189,2
DA:191,4
DA:192,4
DA:193,4
DA:198,3
DA:199,3
DA:200,3
DA:202,3
DA:204,0
DA:205,0
DA:206,0
DA:211,0
DA:212,0
DA:215,0
DA:216,0
DA:219,0
DA:225,0
DA:230,0
DA:231,0
DA:232,0
DA:233,0
DA:234,0
DA:235,0
DA:237,0
DA:238,0
DA:239,0
DA:240,0
DA:241,0
DA:243,0
DA:244,0
DA:245,0
DA:249,0
DA:254,0
DA:255,0
DA:256,0
DA:257,0
DA:262,0
DA:263,0
DA:264,0
DA:268,0
DA:269,0
DA:270,0
DA:271,0
DA:276,0
DA:277,0
DA:278,0
DA:279,0
DA:280,0
DA:282,0
DA:284,0
DA:285,0
DA:289,0
DA:290,0
DA:291,0
DA:292,0
DA:295,0
DA:296,0
DA:299,0
DA:302,0
DA:303,0
DA:304,0
DA:309,0
DA:310,0
DA:313,0
DA:314,0
DA:317,0
DA:323,0
DA:329,0
DA:330,0
DA:332,0
DA:334,0
DA:335,0
DA:336,0
DA:337,0
DA:340,0
DA:342,0
DA:345,0
DA:346,0
DA:347,0
DA:348,0
DA:349,0
DA:353,0
DA:356,0
DA:359,0
DA:360,0
DA:361,0
DA:362,0
DA:363,0
DA:365,0
DA:368,0
DA:369,0
DA:371,0
DA:372,0
DA:374,0
DA:375,0
DA:378,0
DA:380,0
DA:382,0
DA:383,0
DA:387,0
DA:390,0
DA:391,0
DA:392,0
DA:393,0
DA:394,0
DA:395,0
DA:399,0
DA:400,0
DA:403,0
DA:404,0
DA:405,0
DA:407,0
DA:408,0
DA:409,0
DA:411,0
DA:412,0
DA:413,0
DA:414,0
DA:415,0
DA:417,0
DA:418,0
DA:419,0
DA:421,0
DA:422,0
DA:423,0
DA:424,0
DA:429,1
DA:439,1
DA:440,1
LF:235
LH:71
BRDA:13,0,0,3
BRDA:13,0,1,3
BRDA:13,1,0,6
BRDA:13,1,1,4
BRDA:15,2,0,7
BRDA:15,2,1,0
BRDA:15,2,2,0
BRDA:16,3,0,5
BRDA:16,3,1,2
BRDA:30,4,0,0
BRDA:30,4,1,0
BRDA:35,5,0,0
BRDA:35,5,1,0
BRDA:35,6,0,0
BRDA:35,6,1,0
BRDA:42,7,0,0
BRDA:42,7,1,0
BRDA:49,8,0,0
BRDA:49,8,1,0
BRDA:60,9,0,0
BRDA:60,9,1,0
BRDA:64,10,0,0
BRDA:64,10,1,0
BRDA:75,11,0,0
BRDA:75,11,1,6
BRDA:77,12,0,0
BRDA:77,12,1,0
BRDA:77,13,0,0
BRDA:77,13,1,0
BRDA:81,14,0,0
BRDA:81,14,1,0
BRDA:88,15,0,1
BRDA:88,15,1,1
BRDA:112,16,0,2
BRDA:112,16,1,1
BRDA:122,17,0,3
BRDA:122,17,1,0
BRDA:122,18,0,3
BRDA:122,18,1,3
BRDA:129,19,0,3
BRDA:129,19,1,3
BRDA:130,20,0,0
BRDA:130,20,1,3
BRDA:154,21,0,0
BRDA:154,21,1,0
BRDA:165,22,0,0
BRDA:165,22,1,0
BRDA:165,23,0,0
BRDA:165,23,1,0
BRDA:174,24,0,2
BRDA:174,24,1,4
BRDA:178,25,0,4
BRDA:178,25,1,0
BRDA:179,26,0,1
BRDA:179,26,1,3
BRDA:180,27,0,2
BRDA:180,27,1,2
BRDA:181,28,0,1
BRDA:181,28,1,1
BRDA:184,29,0,2
BRDA:184,29,1,2
BRDA:185,30,0,2
BRDA:185,30,1,2
BRDA:189,31,0,1
BRDA:189,31,1,1
BRDA:191,32,0,1
BRDA:191,32,1,3
BRDA:199,33,0,3
BRDA:199,33,1,0
BRDA:199,34,0,3
BRDA:199,34,1,0
BRDA:202,35,0,3
BRDA:202,35,1,0
BRDA:202,36,0,3
BRDA:202,36,1,0
BRDA:205,37,0,0
BRDA:205,37,1,0
BRDA:216,38,0,0
BRDA:216,38,1,0
BRDA:219,39,0,0
BRDA:219,39,1,0
BRDA:237,40,0,0
BRDA:237,40,1,0
BRDA:237,41,0,0
BRDA:237,41,1,0
BRDA:238,42,0,0
BRDA:238,42,1,0
BRDA:262,43,0,0
BRDA:262,43,1,0
BRDA:269,44,0,0
BRDA:269,44,1,0
BRDA:284,45,0,0
BRDA:284,45,1,0
BRDA:290,46,0,0
BRDA:290,46,1,0
BRDA:314,47,0,0
BRDA:314,47,1,0
BRDA:317,48,0,0
BRDA:317,48,1,0
BRDA:330,49,0,0
BRDA:330,49,1,0
BRDA:332,50,0,0
BRDA:332,50,1,0
BRDA:346,51,0,0
BRDA:346,51,1,0
BRDA:346,52,0,0
BRDA:346,52,1,0
BRDA:346,52,2,0
BRDA:353,53,0,0
BRDA:353,53,1,0
BRDA:360,54,0,0
BRDA:360,54,1,0
BRDA:380,55,0,0
BRDA:380,55,1,0
BRDA:395,56,0,0
BRDA:395,56,1,0
BRDA:403,57,0,0
BRDA:403,57,1,0
BRDA:403,58,0,0
BRDA:403,58,1,0
BRDA:407,59,0,0
BRDA:407,59,1,0
BRDA:407,60,0,0
BRDA:407,60,1,0
BRDA:411,61,0,0
BRDA:411,61,1,0
BRDA:417,62,0,0
BRDA:417,62,1,0
BRDA:417,63,0,0
BRDA:417,63,1,0
BRDA:439,64,0,1
BRDA:439,64,1,0
BRDA:439,65,0,1
BRDA:439,65,1,1
BRF:134
BRH:42
end_of_record
TN:
SF:src\domain\api.js
FN:5,(anonymous_0)
FN:9,buildRequestConfig
FN:45,handleErrorResponse
FN:64,fetchWithRetry
FN:68,(anonymous_4)
FN:74,(anonymous_5)
FN:98,(anonymous_6)
FN:115,(anonymous_7)
FN:126,readStream
FN:169,callChatAPINonStream
FN:189,callChatAPIStream
FNF:11
FNH:7
FNDA:1,(anonymous_0)
FNDA:10,buildRequestConfig
FNDA:1,handleErrorResponse
FNDA:5,fetchWithRetry
FNDA:0,(anonymous_4)
FNDA:0,(anonymous_5)
FNDA:2,(anonymous_6)
FNDA:0,(anonymous_7)
FNDA:6,readStream
FNDA:0,callChatAPINonStream
FNDA:5,callChatAPIStream
DA:5,1
DA:10,10
DA:15,10
DA:16,10
DA:17,2
DA:18,2
DA:21,10
DA:30,10
DA:31,2
DA:32,2
DA:33,2
DA:34,4
DA:37,0
DA:41,10
DA:46,1
DA:47,1
DA:48,1
DA:50,0
DA:52,1
DA:53,1
DA:54,1
DA:55,0
DA:56,0
DA:58,0
DA:60,1
DA:65,5
DA:66,5
DA:67,7
DA:68,7
DA:69,0
DA:71,7
DA:72,7
DA:73,7
DA:74,0
DA:75,0
DA:76,0
DA:78,0
DA:81,7
DA:82,7
DA:88,7
DA:89,7
DA:90,0
DA:92,7
DA:93,3
DA:97,2
DA:98,2
DA:99,2
DA:101,2
DA:103,1
DA:105,0
DA:106,0
DA:107,0
DA:109,0
DA:110,0
DA:114,0
DA:115,0
DA:116,0
DA:118,0
DA:120,0
DA:127,6
DA:128,6
DA:129,6
DA:130,6
DA:131,6
DA:132,6
DA:133,6
DA:134,6
DA:135,6
DA:136,6
DA:137,6
DA:138,18
DA:139,18
DA:140,6
DA:141,6
DA:143,12
DA:144,6
DA:145,6
DA:146,6
DA:148,4
DA:149,4
DA:150,4
DA:151,4
DA:154,2
DA:160,0
DA:161,0
DA:162,0
DA:163,0
DA:165,0
DA:169,1
DA:174,0
DA:175,0
DA:177,0
DA:179,0
DA:180,0
DA:183,0
DA:184,0
DA:185,0
DA:189,1
DA:196,5
DA:197,5
DA:199,5
DA:201,5
DA:202,1
DA:205,4
DA:206,4
DA:210,1
DA:211,1
LF:107
LH:73
BRDA:15,0,0,10
BRDA:15,0,1,10
BRDA:16,1,0,2
BRDA:16,1,1,8
BRDA:24,2,0,10
BRDA:24,2,1,2
BRDA:25,3,0,10
BRDA:25,3,1,2
BRDA:30,4,0,2
BRDA:30,4,1,8
BRDA:34,5,0,4
BRDA:34,5,1,0
BRDA:53,6,0,1
BRDA:53,6,1,0
BRDA:55,7,0,0
BRDA:55,7,1,0
BRDA:58,8,0,0
BRDA:58,8,1,0
BRDA:65,9,0,5
BRDA:65,9,1,5
BRDA:73,10,0,0
BRDA:73,10,1,7
BRDA:89,11,0,0
BRDA:89,11,1,7
BRDA:89,12,0,7
BRDA:89,12,1,0
BRDA:92,13,0,4
BRDA:92,13,1,3
BRDA:93,14,0,2
BRDA:93,14,1,1
BRDA:94,15,0,3
BRDA:94,15,1,0
BRDA:94,15,2,3
BRDA:106,16,0,0
BRDA:106,16,1,0
BRDA:106,17,0,0
BRDA:106,17,1,0
BRDA:109,18,0,0
BRDA:109,18,1,0
BRDA:109,19,0,0
BRDA:109,19,1,0
BRDA:110,20,0,0
BRDA:110,20,1,0
BRDA:114,21,0,0
BRDA:114,21,1,0
BRDA:133,22,0,0
BRDA:133,22,1,6
BRDA:136,23,0,6
BRDA:136,23,1,6
BRDA:139,24,0,6
BRDA:139,24,1,12
BRDA:143,25,0,6
BRDA:143,25,1,6
BRDA:148,26,0,4
BRDA:148,26,1,4
BRDA:148,26,2,4
BRDA:149,27,0,4
BRDA:149,27,1,0
BRDA:149,28,0,4
BRDA:149,28,1,4
BRDA:160,29,0,0
BRDA:160,29,1,0
BRDA:160,30,0,0
BRDA:160,30,1,0
BRDA:175,31,0,0
BRDA:175,31,1,0
BRDA:179,32,0,0
BRDA:179,32,1,0
BRDA:184,33,0,0
BRDA:184,33,1,0
BRDA:184,33,2,0
BRDA:184,33,3,0
BRDA:185,34,0,0
BRDA:185,34,1,0
BRDA:197,35,0,0
BRDA:197,35,1,5
BRDA:201,36,0,1
BRDA:201,36,1,4
BRDA:210,37,0,1
BRDA:210,37,1,0
BRDA:210,38,0,1
BRDA:210,38,1,1
BRF:82
BRH:42
end_of_record
TN:
SF:src\domain\markdown.js
FN:5,(anonymous_0)
FN:27,sanitizeHTML
FN:37,walk
FN:65,renderMarkdown
FN:90,setMarkdown
FNF:5
FNH:3
FNDA:1,(anonymous_0)
FNDA:5,sanitizeHTML
FNDA:11,walk
FNDA:0,renderMarkdown
FNDA:0,setMarkdown
DA:5,1
DA:9,1
DA:10,0
DA:17,1
DA:23,1
DA:29,5
DA:30,0
DA:36,5
DA:38,11
DA:39,6
DA:40,6
DA:41,6
DA:42,0
DA:44,6
DA:45,6
DA:46,5
DA:47,2
DA:50,6
DA:51,5
DA:52,5
DA:54,6
DA:56,5
DA:57,5
DA:58,6
DA:59,6
DA:61,5
DA:66,0
DA:67,0
DA:68,0
DA:69,0
DA:71,0
DA:72,0
DA:73,0
DA:74,0
DA:75,0
DA:76,0
DA:78,0
DA:80,0
DA:82,0
DA:83,0
DA:84,0
DA:85,0
DA:91,0
DA:94,0
DA:95,0
DA:96,0
DA:97,0
DA:98,0
DA:103,1
DA:104,1
DA:105,1
DA:109,1
DA:110,1
LF:53
LH:28
BRDA:9,0,0,0
BRDA:9,0,1,1
BRDA:29,1,0,0
BRDA:29,1,1,5
BRDA:29,2,0,5
BRDA:29,2,1,0
BRDA:38,3,0,5
BRDA:38,3,1,6
BRDA:39,4,0,0
BRDA:39,4,1,6
BRDA:41,5,0,0
BRDA:41,5,1,6
BRDA:46,6,0,2
BRDA:46,6,1,3
BRDA:46,7,0,5
BRDA:46,7,1,2
BRDA:52,8,0,5
BRDA:52,8,1,0
BRDA:59,9,0,6
BRDA:59,9,1,0
BRDA:66,10,0,0
BRDA:66,10,1,0
BRDA:71,11,0,0
BRDA:71,11,1,0
BRDA:91,12,0,0
BRDA:91,12,1,0
BRDA:103,13,0,1
BRDA:103,13,1,0
BRDA:109,14,0,1
BRDA:109,14,1,0
BRDA:109,15,0,1
BRDA:109,15,1,1
BRF:32
BRH:17
end_of_record
TN:
SF:src\domain\transcript-fetcher.js
FN:7,(anonymous_0)
FN:15,decodeEntities
FN:24,retrieveVideoId
FN:38,extractVideoMeta
FN:58,(anonymous_4)
FN:134,(anonymous_5)
FN:138,(anonymous_6)
FN:144,(anonymous_7)
FN:164,fetchTranscriptFromTracks
FN:167,(anonymous_9)
FN:184,parseTranscriptXml
FN:214,(anonymous_11)
FNF:12
FNH:6
FNDA:1,(anonymous_0)
FNDA:5,decodeEntities
FNDA:8,retrieveVideoId
FNDA:8,extractVideoMeta
FNDA:0,(anonymous_4)
FNDA:0,(anonymous_5)
FNDA:0,(anonymous_6)
FNDA:0,(anonymous_7)
FNDA:0,fetchTranscriptFromTracks
FNDA:0,(anonymous_9)
FNDA:4,parseTranscriptXml
FNDA:2,(anonymous_11)
DA:6,1
DA:7,1
DA:8,1
DA:9,1
DA:10,1
DA:11,1
DA:12,1
DA:13,1
DA:16,5
DA:17,5
DA:18,5
DA:25,8
DA:26,1
DA:28,7
DA:29,7
DA:30,5
DA:32,2
DA:39,8
DA:40,8
DA:41,4
DA:42,4
DA:43,4
DA:44,4
DA:45,4
DA:46,4
DA:47,4
DA:48,2
DA:50,2
DA:52,4
DA:58,1
DA:59,0
DA:60,0
DA:62,0
DA:63,0
DA:64,0
DA:67,0
DA:68,0
DA:69,0
DA:79,0
DA:88,0
DA:89,0
DA:91,0
DA:92,0
DA:93,0
DA:94,0
DA:98,0
DA:102,0
DA:103,0
DA:106,0
DA:109,0
DA:110,0
DA:111,0
DA:112,0
DA:113,0
DA:114,0
DA:115,0
DA:116,0
DA:117,0
DA:118,0
DA:119,0
DA:121,0
DA:122,0
DA:123,0
DA:124,0
DA:126,0
DA:133,0
DA:134,0
DA:135,0
DA:136,0
DA:138,0
DA:139,0
DA:144,0
DA:145,0
DA:146,0
DA:149,0
DA:150,0
DA:153,0
DA:155,0
DA:158,0
DA:165,0
DA:166,0
DA:167,0
DA:168,0
DA:171,0
DA:172,0
DA:175,0
DA:177,0
DA:178,0
DA:185,4
DA:188,4
DA:190,4
DA:191,3
DA:192,3
DA:193,3
DA:194,3
DA:196,3
DA:198,3
DA:199,4
DA:201,3
DA:202,1
DA:204,3
DA:205,3
DA:206,3
DA:210,4
DA:213,2
DA:214,2
DA:215,2
DA:225,1
DA:226,1
LF:109
LH:51
BRDA:25,0,0,1
BRDA:25,0,1,7
BRDA:29,1,0,5
BRDA:29,1,1,2
BRDA:29,2,0,7
BRDA:29,2,1,5
BRDA:39,3,0,8
BRDA:39,3,1,6
BRDA:40,4,0,4
BRDA:40,4,1,4
BRDA:40,5,0,8
BRDA:40,5,1,5
BRDA:42,6,0,4
BRDA:42,6,1,0
BRDA:43,7,0,4
BRDA:43,7,1,3
BRDA:44,8,0,4
BRDA:44,8,1,3
BRDA:45,9,0,4
BRDA:45,9,1,3
BRDA:46,10,0,4
BRDA:46,10,1,3
BRDA:47,11,0,2
BRDA:47,11,1,2
BRDA:88,12,0,0
BRDA:88,12,1,0
BRDA:91,13,0,0
BRDA:91,13,1,0
BRDA:93,14,0,0
BRDA:93,14,1,0
BRDA:93,15,0,0
BRDA:93,15,1,0
BRDA:102,16,0,0
BRDA:102,16,1,0
BRDA:102,17,0,0
BRDA:102,17,1,0
BRDA:111,18,0,0
BRDA:111,18,1,0
BRDA:115,19,0,0
BRDA:115,19,1,0
BRDA:116,20,0,0
BRDA:116,20,1,0
BRDA:118,21,0,0
BRDA:118,21,1,0
BRDA:121,22,0,0
BRDA:121,22,1,0
BRDA:123,23,0,0
BRDA:123,23,1,0
BRDA:123,24,0,0
BRDA:123,24,1,0
BRDA:133,25,0,0
BRDA:133,25,1,0
BRDA:133,26,0,0
BRDA:133,26,1,0
BRDA:145,27,0,0
BRDA:145,27,1,0
BRDA:146,28,0,0
BRDA:146,28,1,0
BRDA:166,29,0,0
BRDA:166,29,1,0
BRDA:166,30,0,0
BRDA:166,30,1,0
BRDA:168,31,0,0
BRDA:168,31,1,0
BRDA:175,32,0,0
BRDA:175,32,1,0
BRDA:201,33,0,1
BRDA:201,33,1,2
BRDA:205,34,0,3
BRDA:205,34,1,0
BRDA:210,35,0,2
BRDA:210,35,1,2
BRDA:225,36,0,1
BRDA:225,36,1,0
BRDA:225,37,0,1
BRDA:225,37,1,1
BRF:76
BRH:31
end_of_record
TN:
SF:src\infrastructure\errors.js
FN:5,(anonymous_0)
FN:12,(anonymous_1)
FN:22,(anonymous_2)
FN:32,(anonymous_3)
FNF:4
FNH:4
FNDA:3,(anonymous_0)
FNDA:2,(anonymous_1)
FNDA:3,(anonymous_2)
FNDA:3,(anonymous_3)
DA:5,3
DA:13,2
DA:14,2
DA:23,3
DA:24,3
DA:33,3
DA:34,3
DA:35,3
DA:36,3
DA:41,3
DA:42,3
DA:43,3
DA:44,3
DA:48,3
DA:49,3
LF:15
LH:15
BRDA:13,0,0,2
BRDA:13,0,1,1
BRDA:23,1,0,3
BRDA:23,1,1,1
BRDA:41,2,0,3
BRDA:41,2,1,0
BRDA:48,3,0,3
BRDA:48,3,1,0
BRDA:48,4,0,3
BRDA:48,4,1,3
BRF:10
BRH:8
end_of_record
TN:
SF:src\infrastructure\storage.js
FN:6,(anonymous_0)
FN:25,isExtensionContextValid
FN:34,get
FN:47,set
FN:59,remove
FN:73,loadApiConfigs
FN:77,loadApiConfigById
FN:79,(anonymous_7)
FN:82,loadApiConfigLegacy
FN:86,loadCustomPrompt
FN:90,getDefaultPrompt
FN:103,loadButtonTitle
FN:107,loadBtnApiConfigId
FN:111,loadSubtitleLang
FN:115,loadFontSize
FN:119,applyFontSize
FN:125,saveToStorage
FN:129,saveSummaryCache
FN:134,loadSummaryCache
FN:145,clearSummaryCache
FN:150,loadThemeSetting
FN:154,applyTheme
FNF:22
FNH:13
FNDA:2,(anonymous_0)
FNDA:28,isExtensionContextValid
FNDA:24,get
FNDA:4,set
FNDA:0,remove
FNDA:10,loadApiConfigs
FNDA:2,loadApiConfigById
FNDA:0,(anonymous_7)
FNDA:3,loadApiConfigLegacy
FNDA:2,loadCustomPrompt
FNDA:4,getDefaultPrompt
FNDA:0,loadButtonTitle
FNDA:6,loadBtnApiConfigId
FNDA:2,loadSubtitleLang
FNDA:1,loadFontSize
FNDA:0,applyFontSize
FNDA:4,saveToStorage
FNDA:0,saveSummaryCache
FNDA:0,loadSummaryCache
FNDA:0,clearSummaryCache
FNDA:0,loadThemeSetting
FNDA:0,applyTheme
DA:6,2
DA:10,2
DA:26,28
DA:27,28
DA:29,0
DA:35,24
DA:36,24
DA:37,0
DA:38,0
DA:40,0
DA:41,0
DA:42,0
DA:44,0
DA:48,4
DA:49,4
DA:50,0
DA:52,0
DA:53,0
DA:54,0
DA:56,0
DA:60,0
DA:61,0
DA:62,0
DA:64,0
DA:65,0
DA:66,0
DA:68,0
DA:74,10
DA:78,2
DA:79,2
DA:83,3
DA:87,2
DA:91,4
DA:93,1
DA:95,1
DA:97,1
DA:99,1
DA:104,0
DA:108,6
DA:112,2
DA:116,1
DA:120,0
DA:121,0
DA:122,0
DA:126,4
DA:130,0
DA:131,0
DA:135,0
DA:136,0
DA:137,0
DA:138,0
DA:139,0
DA:140,0
DA:142,0
DA:146,0
DA:147,0
DA:151,0
DA:155,0
DA:156,0
DA:157,0
DA:158,0
DA:162,2
DA:183,2
DA:184,2
DA:185,2
DA:186,2
DA:187,2
DA:188,2
DA:189,2
DA:190,2
DA:191,2
DA:192,2
DA:193,2
DA:194,2
DA:195,2
DA:196,2
DA:197,2
DA:198,2
LF:78
LH:39
BRDA:27,0,0,28
BRDA:27,0,1,28
BRDA:27,0,2,0
BRDA:36,1,0,24
BRDA:36,1,1,0
BRDA:40,2,0,0
BRDA:40,2,1,0
BRDA:40,3,0,0
BRDA:40,3,1,0
BRDA:49,4,0,4
BRDA:49,4,1,0
BRDA:52,5,0,0
BRDA:52,5,1,0
BRDA:52,6,0,0
BRDA:52,6,1,0
BRDA:61,7,0,0
BRDA:61,7,1,0
BRDA:64,8,0,0
BRDA:64,8,1,0
BRDA:64,9,0,0
BRDA:64,9,1,0
BRDA:74,10,0,10
BRDA:74,10,1,10
BRDA:79,11,0,2
BRDA:79,11,1,2
BRDA:83,12,0,3
BRDA:83,12,1,3
BRDA:87,13,0,2
BRDA:87,13,1,2
BRDA:91,14,0,1
BRDA:91,14,1,1
BRDA:91,14,2,1
BRDA:91,14,3,1
BRDA:104,15,0,0
BRDA:104,15,1,0
BRDA:108,16,0,6
BRDA:108,16,1,6
BRDA:112,17,0,2
BRDA:112,17,1,2
BRDA:116,18,0,1
BRDA:116,18,1,1
BRDA:122,19,0,0
BRDA:122,19,1,0
BRDA:137,20,0,0
BRDA:137,20,1,0
BRDA:138,21,0,0
BRDA:138,21,1,0
BRDA:151,22,0,0
BRDA:151,22,1,0
BRDA:156,23,0,0
BRDA:156,23,1,0
BRDA:156,23,2,0
BRDA:156,23,3,0
BRDA:158,24,0,0
BRDA:158,24,1,0
BRDA:158,25,0,0
BRDA:158,25,1,0
BRF:57
BRH:22
end_of_record
TN:
SF:src\shared\utils.js
FN:8,estimateTokens
FN:27,getModelContextWindow
FN:40,getAvailableTokens
FN:46,splitIntoChunks
FNF:4
FNH:4
FNDA:89,estimateTokens
FNDA:11,getModelContextWindow
FNDA:2,getAvailableTokens
FNDA:4,splitIntoChunks
DA:9,89
DA:10,86
DA:11,86
DA:12,86
DA:13,86
DA:14,679
DA:15,679
DA:16,615
DA:17,64
DA:18,64
DA:20,0
DA:23,86
DA:28,11
DA:29,11
DA:30,8
DA:31,8
DA:32,8
DA:33,7
DA:34,4
DA:35,3
DA:36,3
DA:41,2
DA:42,2
DA:47,4
DA:48,3
DA:49,3
DA:50,3
DA:51,3
DA:53,3
DA:54,57
DA:55,57
DA:56,57
DA:57,25
DA:58,25
DA:59,25
DA:61,32
DA:62,32
DA:65,3
DA:66,3
DA:68,3
DA:72,2
DA:73,2
DA:74,2
DA:75,2
DA:76,2
DA:80,2
DA:81,2
LF:47
LH:46
BRDA:9,0,0,3
BRDA:9,0,1,86
BRDA:15,1,0,615
BRDA:15,1,1,64
BRDA:15,2,0,679
BRDA:15,2,1,615
BRDA:15,2,2,64
BRDA:15,2,3,0
BRDA:15,2,4,64
BRDA:15,2,5,0
BRDA:17,3,0,64
BRDA:17,3,1,0
BRDA:17,4,0,64
BRDA:17,4,1,31
BRDA:17,4,2,64
BRDA:17,4,3,31
BRDA:17,4,4,33
BRDA:17,4,5,27
BRDA:17,4,6,0
BRDA:28,5,0,11
BRDA:28,5,1,2
BRDA:29,6,0,3
BRDA:29,6,1,8
BRDA:29,7,0,11
BRDA:29,7,1,8
BRDA:30,8,0,0
BRDA:30,8,1,8
BRDA:31,9,0,0
BRDA:31,9,1,8
BRDA:32,10,0,1
BRDA:32,10,1,7
BRDA:32,11,0,8
BRDA:32,11,1,7
BRDA:33,12,0,3
BRDA:33,12,1,4
BRDA:34,13,0,1
BRDA:34,13,1,3
BRDA:35,14,0,0
BRDA:35,14,1,3
BRDA:47,15,0,1
BRDA:47,15,1,3
BRDA:56,16,0,25
BRDA:56,16,1,32
BRDA:56,17,0,57
BRDA:56,17,1,25
BRDA:65,18,0,3
BRDA:65,18,1,0
BRDA:72,19,0,2
BRDA:72,19,1,0
BRDA:80,20,0,2
BRDA:80,20,1,0
BRDA:80,21,0,2
BRDA:80,21,1,2
BRF:53
BRH:43
end_of_record
